<?xml version="1.0" encoding="UTF-8"?>
<testsuite name="com.ceiba.biblioteca.AditionalTest" tests="7" skipped="0" failures="0" errors="0" timestamp="2022-11-04T03:12:18" hostname="DESKTOP-GJG1D09" time="8.297">
  <properties/>
  <testcase name="obtenerPrestamoPorIdYElPrestamoNoExiste()" classname="com.ceiba.biblioteca.AditionalTest" time="1.798"/>
  <testcase name="prestamoConIsbnNoPermitidoPorQueNoContieneSoloValoresAlfanumericosDeberiaRetornarExcepcion()" classname="com.ceiba.biblioteca.AditionalTest" time="1.344"/>
  <testcase name="prestamoConIsbnNoPermitidoPorTamanioDeberiaRetornarExcepcion()" classname="com.ceiba.biblioteca.AditionalTest" time="1.176"/>
  <testcase name="prestamoConIdentificacionUsuarioNoPermitidoPorTamanioDeberiaRetornarExcepcion()" classname="com.ceiba.biblioteca.AditionalTest" time="1.07"/>
  <testcase name="prestamoConIdentificacionUsuarioNoPermitidoPorQueEsNullDeberiaRetornarExcepcion()" classname="com.ceiba.biblioteca.AditionalTest" time="0.962"/>
  <testcase name="prestamoConIdentificacionUsuarioNoPermitidoPorQueNoContieneSoloValoresAlfanumericosDeberiaRetornarExcepcion()" classname="com.ceiba.biblioteca.AditionalTest" time="1.019"/>
  <testcase name="prestamoConIsbnNoPermitidoPorQueEsNullDeberiaRetornarExcepcion()" classname="com.ceiba.biblioteca.AditionalTest" time="0.92"/>
  <system-out><![CDATA[22:12:12.645 [Test worker] DEBUG org.springframework.test.context.BootstrapUtils - Instantiating CacheAwareContextLoaderDelegate from class [org.springframework.test.context.cache.DefaultCacheAwareContextLoaderDelegate]
22:12:12.664 [Test worker] DEBUG org.springframework.test.context.BootstrapUtils - Instantiating BootstrapContext using constructor [public org.springframework.test.context.support.DefaultBootstrapContext(java.lang.Class,org.springframework.test.context.CacheAwareContextLoaderDelegate)]
22:12:12.696 [Test worker] DEBUG org.springframework.test.context.BootstrapUtils - Instantiating TestContextBootstrapper for test class [com.ceiba.biblioteca.AditionalTest] from class [org.springframework.boot.test.context.SpringBootTestContextBootstrapper]
22:12:12.715 [Test worker] INFO org.springframework.boot.test.context.SpringBootTestContextBootstrapper - Neither @ContextConfiguration nor @ContextHierarchy found for test class [com.ceiba.biblioteca.AditionalTest], using SpringBootContextLoader
22:12:12.720 [Test worker] DEBUG org.springframework.test.context.support.AbstractContextLoader - Did not detect default resource location for test class [com.ceiba.biblioteca.AditionalTest]: class path resource [com/ceiba/biblioteca/AditionalTest-context.xml] does not exist
22:12:12.721 [Test worker] DEBUG org.springframework.test.context.support.AbstractContextLoader - Did not detect default resource location for test class [com.ceiba.biblioteca.AditionalTest]: class path resource [com/ceiba/biblioteca/AditionalTestContext.groovy] does not exist
22:12:12.721 [Test worker] INFO org.springframework.test.context.support.AbstractContextLoader - Could not detect default resource locations for test class [com.ceiba.biblioteca.AditionalTest]: no resource found for suffixes {-context.xml, Context.groovy}.
22:12:12.722 [Test worker] INFO org.springframework.test.context.support.AnnotationConfigContextLoaderUtils - Could not detect default configuration classes for test class [com.ceiba.biblioteca.AditionalTest]: AditionalTest does not declare any static, non-private, non-final, nested classes annotated with @Configuration.
22:12:12.778 [Test worker] DEBUG org.springframework.test.context.support.ActiveProfilesUtils - Could not find an 'annotation declaring class' for annotation type [org.springframework.test.context.ActiveProfiles] and class [com.ceiba.biblioteca.AditionalTest]
22:12:12.848 [Test worker] DEBUG org.springframework.context.annotation.ClassPathScanningCandidateComponentProvider - Identified candidate component class: file [D:\Ingenieria Lorena\Prueba Ceiba\6561ebbd-9e53-4ab4-a53a-614dac5732f6\biblioteca\build\classes\java\main\com\ceiba\biblioteca\BibliotecaApplication.class]
22:12:12.850 [Test worker] INFO org.springframework.boot.test.context.SpringBootTestContextBootstrapper - Found @SpringBootConfiguration com.ceiba.biblioteca.BibliotecaApplication for test class com.ceiba.biblioteca.AditionalTest
22:12:12.956 [Test worker] DEBUG org.springframework.boot.test.context.SpringBootTestContextBootstrapper - @TestExecutionListeners is not present for class [com.ceiba.biblioteca.AditionalTest]: using defaults.
22:12:12.957 [Test worker] INFO org.springframework.boot.test.context.SpringBootTestContextBootstrapper - Loaded default TestExecutionListener class names from location [META-INF/spring.factories]: [org.springframework.boot.test.autoconfigure.restdocs.RestDocsTestExecutionListener, org.springframework.boot.test.autoconfigure.web.client.MockRestServiceServerResetTestExecutionListener, org.springframework.boot.test.autoconfigure.web.servlet.MockMvcPrintOnlyOnFailureTestExecutionListener, org.springframework.boot.test.autoconfigure.web.servlet.WebDriverTestExecutionListener, org.springframework.boot.test.mock.mockito.MockitoTestExecutionListener, org.springframework.boot.test.mock.mockito.ResetMocksTestExecutionListener, org.springframework.test.context.web.ServletTestExecutionListener, org.springframework.test.context.support.DirtiesContextBeforeModesTestExecutionListener, org.springframework.test.context.support.DependencyInjectionTestExecutionListener, org.springframework.test.context.support.DirtiesContextTestExecutionListener, org.springframework.test.context.transaction.TransactionalTestExecutionListener, org.springframework.test.context.jdbc.SqlScriptsTestExecutionListener, org.springframework.test.context.event.EventPublishingTestExecutionListener]
22:12:12.975 [Test worker] INFO org.springframework.boot.test.context.SpringBootTestContextBootstrapper - Using TestExecutionListeners: [org.springframework.test.context.web.ServletTestExecutionListener@18954c77, org.springframework.test.context.support.DirtiesContextBeforeModesTestExecutionListener@6755d17a, org.springframework.boot.test.mock.mockito.MockitoTestExecutionListener@d7c0dbf, org.springframework.boot.test.autoconfigure.SpringBootDependencyInjectionTestExecutionListener@756180ef, org.springframework.test.context.support.DirtiesContextTestExecutionListener@47258cc0, org.springframework.test.context.transaction.TransactionalTestExecutionListener@e324b5f, org.springframework.test.context.jdbc.SqlScriptsTestExecutionListener@63ceaed3, org.springframework.test.context.event.EventPublishingTestExecutionListener@1ad12cbd, org.springframework.boot.test.autoconfigure.restdocs.RestDocsTestExecutionListener@7179f0ab, org.springframework.boot.test.autoconfigure.web.client.MockRestServiceServerResetTestExecutionListener@6d8d2568, org.springframework.boot.test.autoconfigure.web.servlet.MockMvcPrintOnlyOnFailureTestExecutionListener@7ba3b63c, org.springframework.boot.test.autoconfigure.web.servlet.WebDriverTestExecutionListener@6804c931, org.springframework.boot.test.mock.mockito.ResetMocksTestExecutionListener@56469032]
22:12:12.980 [Test worker] DEBUG org.springframework.test.context.support.AbstractDirtiesContextTestExecutionListener - Before test class: context [DefaultTestContext@1e0d1fbb testClass = AditionalTest, testInstance = [null], testMethod = [null], testException = [null], mergedContextConfiguration = [WebMergedContextConfiguration@518f954f testClass = AditionalTest, locations = '{}', classes = '{class com.ceiba.biblioteca.BibliotecaApplication}', contextInitializerClasses = '[]', activeProfiles = '{}', propertySourceLocations = '{}', propertySourceProperties = '{org.springframework.boot.test.context.SpringBootTestContextBootstrapper=true}', contextCustomizers = set[org.springframework.boot.test.autoconfigure.properties.PropertyMappingContextCustomizer@4b3fa0b3, org.springframework.boot.test.autoconfigure.web.servlet.WebDriverContextCustomizerFactory$Customizer@7358e238, [ImportsContextCustomizer@476ef9d key = [org.springframework.boot.test.autoconfigure.web.servlet.MockMvcAutoConfiguration, org.springframework.boot.test.autoconfigure.web.servlet.MockMvcWebClientAutoConfiguration, org.springframework.boot.test.autoconfigure.web.servlet.MockMvcWebDriverAutoConfiguration, org.springframework.boot.autoconfigure.security.servlet.SecurityAutoConfiguration, org.springframework.boot.autoconfigure.security.servlet.UserDetailsServiceAutoConfiguration, org.springframework.boot.test.autoconfigure.web.servlet.MockMvcSecurityConfiguration]], org.springframework.boot.test.context.filter.ExcludeFilterContextCustomizer@6c4fbe42, org.springframework.boot.test.json.DuplicateJsonObjectContextCustomizerFactory$DuplicateJsonObjectContextCustomizer@20543f47, org.springframework.boot.test.mock.mockito.MockitoContextCustomizer@0, org.springframework.boot.test.web.client.TestRestTemplateContextCustomizer@3872918f], resourceBasePath = 'src/main/webapp', contextLoader = 'org.springframework.boot.test.context.SpringBootContextLoader', parent = [null]], attributes = map['org.springframework.test.context.web.ServletTestExecutionListener.activateListener' -> true]], class annotated with @DirtiesContext [true] with mode [BEFORE_EACH_TEST_METHOD].
22:12:13.011 [Test worker] DEBUG org.springframework.test.context.support.TestPropertySourceUtils - Adding inlined properties to environment: {spring.jmx.enabled=false, org.springframework.boot.test.context.SpringBootTestContextBootstrapper=true, server.port=-1}

  .   ____          _            __ _ _
 /\\ / ___'_ __ _ _(_)_ __  __ _ \ \ \ \
( ( )\___ | '_ | '_| | '_ \/ _` | \ \ \ \
 \\/  ___)| |_)| | | | | || (_| |  ) ) ) )
  '  |____| .__|_| |_|_| |_\__, | / / / /
 =========|_|==============|___/=/_/_/_/
 :: Spring Boot ::        (v2.2.1.RELEASE)

2022-11-03 22:12:13.379  INFO 12108 --- [    Test worker] com.ceiba.biblioteca.AditionalTest       : Starting AditionalTest on DESKTOP-GJG1D09 with PID 12108 (started by Admin in D:\Ingenieria Lorena\Prueba Ceiba\6561ebbd-9e53-4ab4-a53a-614dac5732f6\biblioteca)
2022-11-03 22:12:13.381  INFO 12108 --- [    Test worker] com.ceiba.biblioteca.AditionalTest       : No active profile set, falling back to default profiles: default
2022-11-03 22:12:14.254  INFO 12108 --- [    Test worker] .s.d.r.c.RepositoryConfigurationDelegate : Bootstrapping Spring Data repositories in DEFAULT mode.
2022-11-03 22:12:14.339  INFO 12108 --- [    Test worker] .s.d.r.c.RepositoryConfigurationDelegate : Finished Spring Data repository scanning in 74ms. Found 1 repository interfaces.
2022-11-03 22:12:14.731  INFO 12108 --- [    Test worker] trationDelegate$BeanPostProcessorChecker : Bean 'org.springframework.transaction.annotation.ProxyTransactionManagementConfiguration' of type [org.springframework.transaction.annotation.ProxyTransactionManagementConfiguration] is not eligible for getting processed by all BeanPostProcessors (for example: not eligible for auto-proxying)
2022-11-03 22:12:14.961  INFO 12108 --- [    Test worker] com.zaxxer.hikari.HikariDataSource       : HikariPool-1 - Starting...
2022-11-03 22:12:15.187  INFO 12108 --- [    Test worker] com.zaxxer.hikari.HikariDataSource       : HikariPool-1 - Start completed.
2022-11-03 22:12:15.296  INFO 12108 --- [    Test worker] o.hibernate.jpa.internal.util.LogHelper  : HHH000204: Processing PersistenceUnitInfo [name: default]
2022-11-03 22:12:15.412  INFO 12108 --- [    Test worker] org.hibernate.Version                    : HHH000412: Hibernate Core {5.4.8.Final}
2022-11-03 22:12:15.617  INFO 12108 --- [    Test worker] o.hibernate.annotations.common.Version   : HCANN000001: Hibernate Commons Annotations {5.1.0.Final}
2022-11-03 22:12:15.781  INFO 12108 --- [    Test worker] org.hibernate.dialect.Dialect            : HHH000400: Using dialect: org.hibernate.dialect.H2Dialect
2022-11-03 22:12:16.533  INFO 12108 --- [    Test worker] o.h.e.t.j.p.i.JtaPlatformInitiator       : HHH000490: Using JtaPlatform implementation: [org.hibernate.engine.transaction.jta.platform.internal.NoJtaPlatform]
2022-11-03 22:12:16.623  INFO 12108 --- [    Test worker] j.LocalContainerEntityManagerFactoryBean : Initialized JPA EntityManagerFactory for persistence unit 'default'
2022-11-03 22:12:17.395  WARN 12108 --- [    Test worker] JpaBaseConfiguration$JpaWebConfiguration : spring.jpa.open-in-view is enabled by default. Therefore, database queries may be performed during view rendering. Explicitly configure spring.jpa.open-in-view to disable this warning
2022-11-03 22:12:17.742  INFO 12108 --- [    Test worker] o.s.s.concurrent.ThreadPoolTaskExecutor  : Initializing ExecutorService 'applicationTaskExecutor'
2022-11-03 22:12:18.139  INFO 12108 --- [    Test worker] o.s.b.a.h2.H2ConsoleAutoConfiguration    : H2 console available at '/h2'. Database available at 'jdbc:h2:mem:~/bibliotecaTest'
2022-11-03 22:12:18.273  INFO 12108 --- [    Test worker] o.s.b.t.m.w.SpringBootMockServletContext : Initializing Spring TestDispatcherServlet ''
2022-11-03 22:12:18.274  INFO 12108 --- [    Test worker] o.s.t.web.servlet.TestDispatcherServlet  : Initializing Servlet ''
2022-11-03 22:12:18.292  INFO 12108 --- [    Test worker] o.s.t.web.servlet.TestDispatcherServlet  : Completed initialization in 18 ms
2022-11-03 22:12:18.315  INFO 12108 --- [    Test worker] com.ceiba.biblioteca.AditionalTest       : Started AditionalTest in 5.293 seconds (JVM running for 6.6)
2022-11-03 22:12:18.343  INFO 12108 --- [    Test worker] o.s.s.concurrent.ThreadPoolTaskExecutor  : Shutting down ExecutorService 'applicationTaskExecutor'
2022-11-03 22:12:18.344  INFO 12108 --- [    Test worker] j.LocalContainerEntityManagerFactoryBean : Closing JPA EntityManagerFactory for persistence unit 'default'
2022-11-03 22:12:18.345  INFO 12108 --- [    Test worker] .SchemaDropperImpl$DelayedDropActionImpl : HHH000477: Starting delayed evictData of schema as part of SessionFactory shut-down'
2022-11-03 22:12:18.353  INFO 12108 --- [    Test worker] com.zaxxer.hikari.HikariDataSource       : HikariPool-1 - Shutdown initiated...
2022-11-03 22:12:18.357  INFO 12108 --- [    Test worker] com.zaxxer.hikari.HikariDataSource       : HikariPool-1 - Shutdown completed.

  .   ____          _            __ _ _
 /\\ / ___'_ __ _ _(_)_ __  __ _ \ \ \ \
( ( )\___ | '_ | '_| | '_ \/ _` | \ \ \ \
 \\/  ___)| |_)| | | | | || (_| |  ) ) ) )
  '  |____| .__|_| |_|_| |_\__, | / / / /
 =========|_|==============|___/=/_/_/_/
 :: Spring Boot ::        (v2.2.1.RELEASE)

2022-11-03 22:12:18.394  INFO 12108 --- [    Test worker] com.ceiba.biblioteca.AditionalTest       : Starting AditionalTest on DESKTOP-GJG1D09 with PID 12108 (started by Admin in D:\Ingenieria Lorena\Prueba Ceiba\6561ebbd-9e53-4ab4-a53a-614dac5732f6\biblioteca)
2022-11-03 22:12:18.395  INFO 12108 --- [    Test worker] com.ceiba.biblioteca.AditionalTest       : No active profile set, falling back to default profiles: default
2022-11-03 22:12:18.679  INFO 12108 --- [    Test worker] .s.d.r.c.RepositoryConfigurationDelegate : Bootstrapping Spring Data repositories in DEFAULT mode.
2022-11-03 22:12:18.708  INFO 12108 --- [    Test worker] .s.d.r.c.RepositoryConfigurationDelegate : Finished Spring Data repository scanning in 28ms. Found 1 repository interfaces.
2022-11-03 22:12:18.808  INFO 12108 --- [    Test worker] trationDelegate$BeanPostProcessorChecker : Bean 'org.springframework.transaction.annotation.ProxyTransactionManagementConfiguration' of type [org.springframework.transaction.annotation.ProxyTransactionManagementConfiguration] is not eligible for getting processed by all BeanPostProcessors (for example: not eligible for auto-proxying)
2022-11-03 22:12:18.886  INFO 12108 --- [    Test worker] com.zaxxer.hikari.HikariDataSource       : HikariPool-2 - Starting...
2022-11-03 22:12:18.888  INFO 12108 --- [    Test worker] com.zaxxer.hikari.HikariDataSource       : HikariPool-2 - Start completed.
2022-11-03 22:12:18.910  INFO 12108 --- [    Test worker] o.hibernate.jpa.internal.util.LogHelper  : HHH000204: Processing PersistenceUnitInfo [name: default]
2022-11-03 22:12:18.920  INFO 12108 --- [    Test worker] org.hibernate.dialect.Dialect            : HHH000400: Using dialect: org.hibernate.dialect.H2Dialect
2022-11-03 22:12:18.982  INFO 12108 --- [    Test worker] o.h.e.t.j.p.i.JtaPlatformInitiator       : HHH000490: Using JtaPlatform implementation: [org.hibernate.engine.transaction.jta.platform.internal.NoJtaPlatform]
2022-11-03 22:12:18.985  INFO 12108 --- [    Test worker] j.LocalContainerEntityManagerFactoryBean : Initialized JPA EntityManagerFactory for persistence unit 'default'
2022-11-03 22:12:19.252  WARN 12108 --- [    Test worker] JpaBaseConfiguration$JpaWebConfiguration : spring.jpa.open-in-view is enabled by default. Therefore, database queries may be performed during view rendering. Explicitly configure spring.jpa.open-in-view to disable this warning
2022-11-03 22:12:19.393  INFO 12108 --- [    Test worker] o.s.s.concurrent.ThreadPoolTaskExecutor  : Initializing ExecutorService 'applicationTaskExecutor'
2022-11-03 22:12:19.626  INFO 12108 --- [    Test worker] o.s.b.a.h2.H2ConsoleAutoConfiguration    : H2 console available at '/h2'. Database available at 'jdbc:h2:mem:~/bibliotecaTest'
2022-11-03 22:12:19.707  INFO 12108 --- [    Test worker] o.s.b.t.m.w.SpringBootMockServletContext : Initializing Spring TestDispatcherServlet ''
2022-11-03 22:12:19.707  INFO 12108 --- [    Test worker] o.s.t.web.servlet.TestDispatcherServlet  : Initializing Servlet ''
2022-11-03 22:12:19.721  INFO 12108 --- [    Test worker] o.s.t.web.servlet.TestDispatcherServlet  : Completed initialization in 13 ms
2022-11-03 22:12:19.730  INFO 12108 --- [    Test worker] com.ceiba.biblioteca.AditionalTest       : Started AditionalTest in 1.369 seconds (JVM running for 8.015)

MockHttpServletRequest:
      HTTP Method = GET
      Request URI = /prestamo/5
       Parameters = {}
          Headers = [Accept:"application/json"]
             Body = null
    Session Attrs = {}

Handler:
             Type = com.ceiba.biblioteca.infrastructure.controllers.PrestamoController
           Method = com.ceiba.biblioteca.infrastructure.controllers.PrestamoController#getPrestamo(Long)

Async:
    Async started = false
     Async result = null

Resolved Exception:
             Type = com.ceiba.biblioteca.domain.exception.PrestamoNotFoundEx

ModelAndView:
        View name = null
             View = null
            Model = null

FlashMap:
       Attributes = null

MockHttpServletResponse:
           Status = 404
    Error message = null
          Headers = [Content-Type:"application/json"]
     Content type = application/json
             Body = {"mensaje":"El prestamo con id 5 no existe"}
    Forwarded URL = null
   Redirected URL = null
          Cookies = []
2022-11-03 22:12:20.140  INFO 12108 --- [    Test worker] o.s.s.concurrent.ThreadPoolTaskExecutor  : Shutting down ExecutorService 'applicationTaskExecutor'
2022-11-03 22:12:20.141  INFO 12108 --- [    Test worker] j.LocalContainerEntityManagerFactoryBean : Closing JPA EntityManagerFactory for persistence unit 'default'
2022-11-03 22:12:20.141  INFO 12108 --- [    Test worker] .SchemaDropperImpl$DelayedDropActionImpl : HHH000477: Starting delayed evictData of schema as part of SessionFactory shut-down'
2022-11-03 22:12:20.144  INFO 12108 --- [    Test worker] com.zaxxer.hikari.HikariDataSource       : HikariPool-2 - Shutdown initiated...
2022-11-03 22:12:20.146  INFO 12108 --- [    Test worker] com.zaxxer.hikari.HikariDataSource       : HikariPool-2 - Shutdown completed.

  .   ____          _            __ _ _
 /\\ / ___'_ __ _ _(_)_ __  __ _ \ \ \ \
( ( )\___ | '_ | '_| | '_ \/ _` | \ \ \ \
 \\/  ___)| |_)| | | | | || (_| |  ) ) ) )
  '  |____| .__|_| |_|_| |_\__, | / / / /
 =========|_|==============|___/=/_/_/_/
 :: Spring Boot ::        (v2.2.1.RELEASE)

2022-11-03 22:12:20.179  INFO 12108 --- [    Test worker] com.ceiba.biblioteca.AditionalTest       : Starting AditionalTest on DESKTOP-GJG1D09 with PID 12108 (started by Admin in D:\Ingenieria Lorena\Prueba Ceiba\6561ebbd-9e53-4ab4-a53a-614dac5732f6\biblioteca)
2022-11-03 22:12:20.180  INFO 12108 --- [    Test worker] com.ceiba.biblioteca.AditionalTest       : No active profile set, falling back to default profiles: default
2022-11-03 22:12:20.418  INFO 12108 --- [    Test worker] .s.d.r.c.RepositoryConfigurationDelegate : Bootstrapping Spring Data repositories in DEFAULT mode.
2022-11-03 22:12:20.440  INFO 12108 --- [    Test worker] .s.d.r.c.RepositoryConfigurationDelegate : Finished Spring Data repository scanning in 21ms. Found 1 repository interfaces.
2022-11-03 22:12:20.534  INFO 12108 --- [    Test worker] trationDelegate$BeanPostProcessorChecker : Bean 'org.springframework.transaction.annotation.ProxyTransactionManagementConfiguration' of type [org.springframework.transaction.annotation.ProxyTransactionManagementConfiguration] is not eligible for getting processed by all BeanPostProcessors (for example: not eligible for auto-proxying)
2022-11-03 22:12:20.603  INFO 12108 --- [    Test worker] com.zaxxer.hikari.HikariDataSource       : HikariPool-3 - Starting...
2022-11-03 22:12:20.606  INFO 12108 --- [    Test worker] com.zaxxer.hikari.HikariDataSource       : HikariPool-3 - Start completed.
2022-11-03 22:12:20.628  INFO 12108 --- [    Test worker] o.hibernate.jpa.internal.util.LogHelper  : HHH000204: Processing PersistenceUnitInfo [name: default]
2022-11-03 22:12:20.638  INFO 12108 --- [    Test worker] org.hibernate.dialect.Dialect            : HHH000400: Using dialect: org.hibernate.dialect.H2Dialect
2022-11-03 22:12:20.694  INFO 12108 --- [    Test worker] o.h.e.t.j.p.i.JtaPlatformInitiator       : HHH000490: Using JtaPlatform implementation: [org.hibernate.engine.transaction.jta.platform.internal.NoJtaPlatform]
2022-11-03 22:12:20.697  INFO 12108 --- [    Test worker] j.LocalContainerEntityManagerFactoryBean : Initialized JPA EntityManagerFactory for persistence unit 'default'
2022-11-03 22:12:20.939  WARN 12108 --- [    Test worker] JpaBaseConfiguration$JpaWebConfiguration : spring.jpa.open-in-view is enabled by default. Therefore, database queries may be performed during view rendering. Explicitly configure spring.jpa.open-in-view to disable this warning
2022-11-03 22:12:21.073  INFO 12108 --- [    Test worker] o.s.s.concurrent.ThreadPoolTaskExecutor  : Initializing ExecutorService 'applicationTaskExecutor'
2022-11-03 22:12:21.258  INFO 12108 --- [    Test worker] o.s.b.a.h2.H2ConsoleAutoConfiguration    : H2 console available at '/h2'. Database available at 'jdbc:h2:mem:~/bibliotecaTest'
2022-11-03 22:12:21.325  INFO 12108 --- [    Test worker] o.s.b.t.m.w.SpringBootMockServletContext : Initializing Spring TestDispatcherServlet ''
2022-11-03 22:12:21.325  INFO 12108 --- [    Test worker] o.s.t.web.servlet.TestDispatcherServlet  : Initializing Servlet ''
2022-11-03 22:12:21.338  INFO 12108 --- [    Test worker] o.s.t.web.servlet.TestDispatcherServlet  : Completed initialization in 13 ms
2022-11-03 22:12:21.346  INFO 12108 --- [    Test worker] com.ceiba.biblioteca.AditionalTest       : Started AditionalTest in 1.197 seconds (JVM running for 9.631)

MockHttpServletRequest:
      HTTP Method = POST
      Request URI = /prestamo
       Parameters = {}
          Headers = [Content-Type:"application/json;charset=UTF-8"]
             Body = {"isbn":"EQWQW854..","identificacionUsuario":"1111111111","tipoUsuario":3}
    Session Attrs = {}

Handler:
             Type = com.ceiba.biblioteca.infrastructure.controllers.PrestamoController
           Method = com.ceiba.biblioteca.infrastructure.controllers.PrestamoController#prestamo(PrestamoRequest)

Async:
    Async started = false
     Async result = null

Resolved Exception:
             Type = org.springframework.web.bind.MethodArgumentNotValidException

ModelAndView:
        View name = null
             View = null
            Model = null

FlashMap:
       Attributes = null

MockHttpServletResponse:
           Status = 400
    Error message = null
          Headers = [Content-Type:"application/json"]
     Content type = application/json
             Body = {"mensaje":"isbn : SÃ³lo se permiten valores alfanumÃ©ricos"}
    Forwarded URL = null
   Redirected URL = null
          Cookies = []
2022-11-03 22:12:21.486  INFO 12108 --- [    Test worker] o.s.s.concurrent.ThreadPoolTaskExecutor  : Shutting down ExecutorService 'applicationTaskExecutor'
2022-11-03 22:12:21.487  INFO 12108 --- [    Test worker] j.LocalContainerEntityManagerFactoryBean : Closing JPA EntityManagerFactory for persistence unit 'default'
2022-11-03 22:12:21.487  INFO 12108 --- [    Test worker] .SchemaDropperImpl$DelayedDropActionImpl : HHH000477: Starting delayed evictData of schema as part of SessionFactory shut-down'
2022-11-03 22:12:21.489  INFO 12108 --- [    Test worker] com.zaxxer.hikari.HikariDataSource       : HikariPool-3 - Shutdown initiated...
2022-11-03 22:12:21.491  INFO 12108 --- [    Test worker] com.zaxxer.hikari.HikariDataSource       : HikariPool-3 - Shutdown completed.

  .   ____          _            __ _ _
 /\\ / ___'_ __ _ _(_)_ __  __ _ \ \ \ \
( ( )\___ | '_ | '_| | '_ \/ _` | \ \ \ \
 \\/  ___)| |_)| | | | | || (_| |  ) ) ) )
  '  |____| .__|_| |_|_| |_\__, | / / / /
 =========|_|==============|___/=/_/_/_/
 :: Spring Boot ::        (v2.2.1.RELEASE)

2022-11-03 22:12:21.520  INFO 12108 --- [    Test worker] com.ceiba.biblioteca.AditionalTest       : Starting AditionalTest on DESKTOP-GJG1D09 with PID 12108 (started by Admin in D:\Ingenieria Lorena\Prueba Ceiba\6561ebbd-9e53-4ab4-a53a-614dac5732f6\biblioteca)
2022-11-03 22:12:21.520  INFO 12108 --- [    Test worker] com.ceiba.biblioteca.AditionalTest       : No active profile set, falling back to default profiles: default
2022-11-03 22:12:21.734  INFO 12108 --- [    Test worker] .s.d.r.c.RepositoryConfigurationDelegate : Bootstrapping Spring Data repositories in DEFAULT mode.
2022-11-03 22:12:21.755  INFO 12108 --- [    Test worker] .s.d.r.c.RepositoryConfigurationDelegate : Finished Spring Data repository scanning in 20ms. Found 1 repository interfaces.
2022-11-03 22:12:21.845  INFO 12108 --- [    Test worker] trationDelegate$BeanPostProcessorChecker : Bean 'org.springframework.transaction.annotation.ProxyTransactionManagementConfiguration' of type [org.springframework.transaction.annotation.ProxyTransactionManagementConfiguration] is not eligible for getting processed by all BeanPostProcessors (for example: not eligible for auto-proxying)
2022-11-03 22:12:21.920  INFO 12108 --- [    Test worker] com.zaxxer.hikari.HikariDataSource       : HikariPool-4 - Starting...
2022-11-03 22:12:21.923  INFO 12108 --- [    Test worker] com.zaxxer.hikari.HikariDataSource       : HikariPool-4 - Start completed.
2022-11-03 22:12:21.944  INFO 12108 --- [    Test worker] o.hibernate.jpa.internal.util.LogHelper  : HHH000204: Processing PersistenceUnitInfo [name: default]
2022-11-03 22:12:21.953  INFO 12108 --- [    Test worker] org.hibernate.dialect.Dialect            : HHH000400: Using dialect: org.hibernate.dialect.H2Dialect
2022-11-03 22:12:21.997  INFO 12108 --- [    Test worker] o.h.e.t.j.p.i.JtaPlatformInitiator       : HHH000490: Using JtaPlatform implementation: [org.hibernate.engine.transaction.jta.platform.internal.NoJtaPlatform]
2022-11-03 22:12:21.999  INFO 12108 --- [    Test worker] j.LocalContainerEntityManagerFactoryBean : Initialized JPA EntityManagerFactory for persistence unit 'default'
2022-11-03 22:12:22.224  WARN 12108 --- [    Test worker] JpaBaseConfiguration$JpaWebConfiguration : spring.jpa.open-in-view is enabled by default. Therefore, database queries may be performed during view rendering. Explicitly configure spring.jpa.open-in-view to disable this warning
2022-11-03 22:12:22.351  INFO 12108 --- [    Test worker] o.s.s.concurrent.ThreadPoolTaskExecutor  : Initializing ExecutorService 'applicationTaskExecutor'
2022-11-03 22:12:22.540  INFO 12108 --- [    Test worker] o.s.b.a.h2.H2ConsoleAutoConfiguration    : H2 console available at '/h2'. Database available at 'jdbc:h2:mem:~/bibliotecaTest'
2022-11-03 22:12:22.608  INFO 12108 --- [    Test worker] o.s.b.t.m.w.SpringBootMockServletContext : Initializing Spring TestDispatcherServlet ''
2022-11-03 22:12:22.608  INFO 12108 --- [    Test worker] o.s.t.web.servlet.TestDispatcherServlet  : Initializing Servlet ''
2022-11-03 22:12:22.618  INFO 12108 --- [    Test worker] o.s.t.web.servlet.TestDispatcherServlet  : Completed initialization in 9 ms
2022-11-03 22:12:22.625  INFO 12108 --- [    Test worker] com.ceiba.biblioteca.AditionalTest       : Started AditionalTest in 1.131 seconds (JVM running for 10.91)

MockHttpServletRequest:
      HTTP Method = POST
      Request URI = /prestamo
       Parameters = {}
          Headers = [Content-Type:"application/json;charset=UTF-8"]
             Body = {"isbn":"EQWQW8545890","identificacionUsuario":"1111111111","tipoUsuario":3}
    Session Attrs = {}

Handler:
             Type = com.ceiba.biblioteca.infrastructure.controllers.PrestamoController
           Method = com.ceiba.biblioteca.infrastructure.controllers.PrestamoController#prestamo(PrestamoRequest)

Async:
    Async started = false
     Async result = null

Resolved Exception:
             Type = org.springframework.web.bind.MethodArgumentNotValidException

ModelAndView:
        View name = null
             View = null
            Model = null

FlashMap:
       Attributes = null

MockHttpServletResponse:
           Status = 400
    Error message = null
          Headers = [Content-Type:"application/json"]
     Content type = application/json
             Body = {"mensaje":"isbn : El tamaÃ±o mÃ¡ximo es de 10 carÃ¡cteres"}
    Forwarded URL = null
   Redirected URL = null
          Cookies = []
2022-11-03 22:12:22.664  INFO 12108 --- [    Test worker] o.s.s.concurrent.ThreadPoolTaskExecutor  : Shutting down ExecutorService 'applicationTaskExecutor'
2022-11-03 22:12:22.664  INFO 12108 --- [    Test worker] j.LocalContainerEntityManagerFactoryBean : Closing JPA EntityManagerFactory for persistence unit 'default'
2022-11-03 22:12:22.665  INFO 12108 --- [    Test worker] .SchemaDropperImpl$DelayedDropActionImpl : HHH000477: Starting delayed evictData of schema as part of SessionFactory shut-down'
2022-11-03 22:12:22.666  INFO 12108 --- [    Test worker] com.zaxxer.hikari.HikariDataSource       : HikariPool-4 - Shutdown initiated...
2022-11-03 22:12:22.669  INFO 12108 --- [    Test worker] com.zaxxer.hikari.HikariDataSource       : HikariPool-4 - Shutdown completed.

  .   ____          _            __ _ _
 /\\ / ___'_ __ _ _(_)_ __  __ _ \ \ \ \
( ( )\___ | '_ | '_| | '_ \/ _` | \ \ \ \
 \\/  ___)| |_)| | | | | || (_| |  ) ) ) )
  '  |____| .__|_| |_|_| |_\__, | / / / /
 =========|_|==============|___/=/_/_/_/
 :: Spring Boot ::        (v2.2.1.RELEASE)

2022-11-03 22:12:22.696  INFO 12108 --- [    Test worker] com.ceiba.biblioteca.AditionalTest       : Starting AditionalTest on DESKTOP-GJG1D09 with PID 12108 (started by Admin in D:\Ingenieria Lorena\Prueba Ceiba\6561ebbd-9e53-4ab4-a53a-614dac5732f6\biblioteca)
2022-11-03 22:12:22.696  INFO 12108 --- [    Test worker] com.ceiba.biblioteca.AditionalTest       : No active profile set, falling back to default profiles: default
2022-11-03 22:12:22.879  INFO 12108 --- [    Test worker] .s.d.r.c.RepositoryConfigurationDelegate : Bootstrapping Spring Data repositories in DEFAULT mode.
2022-11-03 22:12:22.897  INFO 12108 --- [    Test worker] .s.d.r.c.RepositoryConfigurationDelegate : Finished Spring Data repository scanning in 17ms. Found 1 repository interfaces.
2022-11-03 22:12:22.977  INFO 12108 --- [    Test worker] trationDelegate$BeanPostProcessorChecker : Bean 'org.springframework.transaction.annotation.ProxyTransactionManagementConfiguration' of type [org.springframework.transaction.annotation.ProxyTransactionManagementConfiguration] is not eligible for getting processed by all BeanPostProcessors (for example: not eligible for auto-proxying)
2022-11-03 22:12:23.041  INFO 12108 --- [    Test worker] com.zaxxer.hikari.HikariDataSource       : HikariPool-5 - Starting...
2022-11-03 22:12:23.044  INFO 12108 --- [    Test worker] com.zaxxer.hikari.HikariDataSource       : HikariPool-5 - Start completed.
2022-11-03 22:12:23.060  INFO 12108 --- [    Test worker] o.hibernate.jpa.internal.util.LogHelper  : HHH000204: Processing PersistenceUnitInfo [name: default]
2022-11-03 22:12:23.066  INFO 12108 --- [    Test worker] org.hibernate.dialect.Dialect            : HHH000400: Using dialect: org.hibernate.dialect.H2Dialect
2022-11-03 22:12:23.106  INFO 12108 --- [    Test worker] o.h.e.t.j.p.i.JtaPlatformInitiator       : HHH000490: Using JtaPlatform implementation: [org.hibernate.engine.transaction.jta.platform.internal.NoJtaPlatform]
2022-11-03 22:12:23.108  INFO 12108 --- [    Test worker] j.LocalContainerEntityManagerFactoryBean : Initialized JPA EntityManagerFactory for persistence unit 'default'
2022-11-03 22:12:23.311  WARN 12108 --- [    Test worker] JpaBaseConfiguration$JpaWebConfiguration : spring.jpa.open-in-view is enabled by default. Therefore, database queries may be performed during view rendering. Explicitly configure spring.jpa.open-in-view to disable this warning
2022-11-03 22:12:23.439  INFO 12108 --- [    Test worker] o.s.s.concurrent.ThreadPoolTaskExecutor  : Initializing ExecutorService 'applicationTaskExecutor'
2022-11-03 22:12:23.610  INFO 12108 --- [    Test worker] o.s.b.a.h2.H2ConsoleAutoConfiguration    : H2 console available at '/h2'. Database available at 'jdbc:h2:mem:~/bibliotecaTest'
2022-11-03 22:12:23.684  INFO 12108 --- [    Test worker] o.s.b.t.m.w.SpringBootMockServletContext : Initializing Spring TestDispatcherServlet ''
2022-11-03 22:12:23.684  INFO 12108 --- [    Test worker] o.s.t.web.servlet.TestDispatcherServlet  : Initializing Servlet ''
2022-11-03 22:12:23.694  INFO 12108 --- [    Test worker] o.s.t.web.servlet.TestDispatcherServlet  : Completed initialization in 10 ms
2022-11-03 22:12:23.702  INFO 12108 --- [    Test worker] com.ceiba.biblioteca.AditionalTest       : Started AditionalTest in 1.03 seconds (JVM running for 11.987)

MockHttpServletRequest:
      HTTP Method = POST
      Request URI = /prestamo
       Parameters = {}
          Headers = [Content-Type:"application/json;charset=UTF-8"]
             Body = {"isbn":"EQWQW85458","identificacionUsuario":"11111111111111","tipoUsuario":3}
    Session Attrs = {}

Handler:
             Type = com.ceiba.biblioteca.infrastructure.controllers.PrestamoController
           Method = com.ceiba.biblioteca.infrastructure.controllers.PrestamoController#prestamo(PrestamoRequest)

Async:
    Async started = false
     Async result = null

Resolved Exception:
             Type = org.springframework.web.bind.MethodArgumentNotValidException

ModelAndView:
        View name = null
             View = null
            Model = null

FlashMap:
       Attributes = null

MockHttpServletResponse:
           Status = 400
    Error message = null
          Headers = [Content-Type:"application/json"]
     Content type = application/json
             Body = {"mensaje":"identificacionUsuario : El tamaÃ±o mÃ¡ximo es de 10 carÃ¡cteres"}
    Forwarded URL = null
   Redirected URL = null
          Cookies = []
2022-11-03 22:12:23.736  INFO 12108 --- [    Test worker] o.s.s.concurrent.ThreadPoolTaskExecutor  : Shutting down ExecutorService 'applicationTaskExecutor'
2022-11-03 22:12:23.737  INFO 12108 --- [    Test worker] j.LocalContainerEntityManagerFactoryBean : Closing JPA EntityManagerFactory for persistence unit 'default'
2022-11-03 22:12:23.737  INFO 12108 --- [    Test worker] .SchemaDropperImpl$DelayedDropActionImpl : HHH000477: Starting delayed evictData of schema as part of SessionFactory shut-down'
2022-11-03 22:12:23.739  INFO 12108 --- [    Test worker] com.zaxxer.hikari.HikariDataSource       : HikariPool-5 - Shutdown initiated...
2022-11-03 22:12:23.741  INFO 12108 --- [    Test worker] com.zaxxer.hikari.HikariDataSource       : HikariPool-5 - Shutdown completed.

  .   ____          _            __ _ _
 /\\ / ___'_ __ _ _(_)_ __  __ _ \ \ \ \
( ( )\___ | '_ | '_| | '_ \/ _` | \ \ \ \
 \\/  ___)| |_)| | | | | || (_| |  ) ) ) )
  '  |____| .__|_| |_|_| |_\__, | / / / /
 =========|_|==============|___/=/_/_/_/
 :: Spring Boot ::        (v2.2.1.RELEASE)

2022-11-03 22:12:23.772  INFO 12108 --- [    Test worker] com.ceiba.biblioteca.AditionalTest       : Starting AditionalTest on DESKTOP-GJG1D09 with PID 12108 (started by Admin in D:\Ingenieria Lorena\Prueba Ceiba\6561ebbd-9e53-4ab4-a53a-614dac5732f6\biblioteca)
2022-11-03 22:12:23.773  INFO 12108 --- [    Test worker] com.ceiba.biblioteca.AditionalTest       : No active profile set, falling back to default profiles: default
2022-11-03 22:12:23.972  INFO 12108 --- [    Test worker] .s.d.r.c.RepositoryConfigurationDelegate : Bootstrapping Spring Data repositories in DEFAULT mode.
2022-11-03 22:12:23.989  INFO 12108 --- [    Test worker] .s.d.r.c.RepositoryConfigurationDelegate : Finished Spring Data repository scanning in 15ms. Found 1 repository interfaces.
2022-11-03 22:12:24.051  INFO 12108 --- [    Test worker] trationDelegate$BeanPostProcessorChecker : Bean 'org.springframework.transaction.annotation.ProxyTransactionManagementConfiguration' of type [org.springframework.transaction.annotation.ProxyTransactionManagementConfiguration] is not eligible for getting processed by all BeanPostProcessors (for example: not eligible for auto-proxying)
2022-11-03 22:12:24.114  INFO 12108 --- [    Test worker] com.zaxxer.hikari.HikariDataSource       : HikariPool-6 - Starting...
2022-11-03 22:12:24.116  INFO 12108 --- [    Test worker] com.zaxxer.hikari.HikariDataSource       : HikariPool-6 - Start completed.
2022-11-03 22:12:24.131  INFO 12108 --- [    Test worker] o.hibernate.jpa.internal.util.LogHelper  : HHH000204: Processing PersistenceUnitInfo [name: default]
2022-11-03 22:12:24.138  INFO 12108 --- [    Test worker] org.hibernate.dialect.Dialect            : HHH000400: Using dialect: org.hibernate.dialect.H2Dialect
2022-11-03 22:12:24.173  INFO 12108 --- [    Test worker] o.h.e.t.j.p.i.JtaPlatformInitiator       : HHH000490: Using JtaPlatform implementation: [org.hibernate.engine.transaction.jta.platform.internal.NoJtaPlatform]
2022-11-03 22:12:24.175  INFO 12108 --- [    Test worker] j.LocalContainerEntityManagerFactoryBean : Initialized JPA EntityManagerFactory for persistence unit 'default'
2022-11-03 22:12:24.345  WARN 12108 --- [    Test worker] JpaBaseConfiguration$JpaWebConfiguration : spring.jpa.open-in-view is enabled by default. Therefore, database queries may be performed during view rendering. Explicitly configure spring.jpa.open-in-view to disable this warning
2022-11-03 22:12:24.441  INFO 12108 --- [    Test worker] o.s.s.concurrent.ThreadPoolTaskExecutor  : Initializing ExecutorService 'applicationTaskExecutor'
2022-11-03 22:12:24.586  INFO 12108 --- [    Test worker] o.s.b.a.h2.H2ConsoleAutoConfiguration    : H2 console available at '/h2'. Database available at 'jdbc:h2:mem:~/bibliotecaTest'
2022-11-03 22:12:24.645  INFO 12108 --- [    Test worker] o.s.b.t.m.w.SpringBootMockServletContext : Initializing Spring TestDispatcherServlet ''
2022-11-03 22:12:24.645  INFO 12108 --- [    Test worker] o.s.t.web.servlet.TestDispatcherServlet  : Initializing Servlet ''
2022-11-03 22:12:24.653  INFO 12108 --- [    Test worker] o.s.t.web.servlet.TestDispatcherServlet  : Completed initialization in 8 ms
2022-11-03 22:12:24.660  INFO 12108 --- [    Test worker] com.ceiba.biblioteca.AditionalTest       : Started AditionalTest in 0.916 seconds (JVM running for 12.945)

MockHttpServletRequest:
      HTTP Method = POST
      Request URI = /prestamo
       Parameters = {}
          Headers = [Content-Type:"application/json;charset=UTF-8"]
             Body = {"isbn":"EQWQW85458","identificacionUsuario":null,"tipoUsuario":3}
    Session Attrs = {}

Handler:
             Type = com.ceiba.biblioteca.infrastructure.controllers.PrestamoController
           Method = com.ceiba.biblioteca.infrastructure.controllers.PrestamoController#prestamo(PrestamoRequest)

Async:
    Async started = false
     Async result = null

Resolved Exception:
             Type = org.springframework.web.bind.MethodArgumentNotValidException

ModelAndView:
        View name = null
             View = null
            Model = null

FlashMap:
       Attributes = null

MockHttpServletResponse:
           Status = 400
    Error message = null
          Headers = [Content-Type:"application/json"]
     Content type = application/json
             Body = {"mensaje":"identificacionUsuario : identificacionUsuario es obligatorio"}
    Forwarded URL = null
   Redirected URL = null
          Cookies = []
2022-11-03 22:12:24.698  INFO 12108 --- [    Test worker] o.s.s.concurrent.ThreadPoolTaskExecutor  : Shutting down ExecutorService 'applicationTaskExecutor'
2022-11-03 22:12:24.698  INFO 12108 --- [    Test worker] j.LocalContainerEntityManagerFactoryBean : Closing JPA EntityManagerFactory for persistence unit 'default'
2022-11-03 22:12:24.699  INFO 12108 --- [    Test worker] .SchemaDropperImpl$DelayedDropActionImpl : HHH000477: Starting delayed evictData of schema as part of SessionFactory shut-down'
2022-11-03 22:12:24.701  INFO 12108 --- [    Test worker] com.zaxxer.hikari.HikariDataSource       : HikariPool-6 - Shutdown initiated...
2022-11-03 22:12:24.702  INFO 12108 --- [    Test worker] com.zaxxer.hikari.HikariDataSource       : HikariPool-6 - Shutdown completed.

  .   ____          _            __ _ _
 /\\ / ___'_ __ _ _(_)_ __  __ _ \ \ \ \
( ( )\___ | '_ | '_| | '_ \/ _` | \ \ \ \
 \\/  ___)| |_)| | | | | || (_| |  ) ) ) )
  '  |____| .__|_| |_|_| |_\__, | / / / /
 =========|_|==============|___/=/_/_/_/
 :: Spring Boot ::        (v2.2.1.RELEASE)

2022-11-03 22:12:24.737  INFO 12108 --- [    Test worker] com.ceiba.biblioteca.AditionalTest       : Starting AditionalTest on DESKTOP-GJG1D09 with PID 12108 (started by Admin in D:\Ingenieria Lorena\Prueba Ceiba\6561ebbd-9e53-4ab4-a53a-614dac5732f6\biblioteca)
2022-11-03 22:12:24.738  INFO 12108 --- [    Test worker] com.ceiba.biblioteca.AditionalTest       : No active profile set, falling back to default profiles: default
2022-11-03 22:12:24.945  INFO 12108 --- [    Test worker] .s.d.r.c.RepositoryConfigurationDelegate : Bootstrapping Spring Data repositories in DEFAULT mode.
2022-11-03 22:12:24.964  INFO 12108 --- [    Test worker] .s.d.r.c.RepositoryConfigurationDelegate : Finished Spring Data repository scanning in 18ms. Found 1 repository interfaces.
2022-11-03 22:12:25.051  INFO 12108 --- [    Test worker] trationDelegate$BeanPostProcessorChecker : Bean 'org.springframework.transaction.annotation.ProxyTransactionManagementConfiguration' of type [org.springframework.transaction.annotation.ProxyTransactionManagementConfiguration] is not eligible for getting processed by all BeanPostProcessors (for example: not eligible for auto-proxying)
2022-11-03 22:12:25.131  INFO 12108 --- [    Test worker] com.zaxxer.hikari.HikariDataSource       : HikariPool-7 - Starting...
2022-11-03 22:12:25.134  INFO 12108 --- [    Test worker] com.zaxxer.hikari.HikariDataSource       : HikariPool-7 - Start completed.
2022-11-03 22:12:25.159  INFO 12108 --- [    Test worker] o.hibernate.jpa.internal.util.LogHelper  : HHH000204: Processing PersistenceUnitInfo [name: default]
2022-11-03 22:12:25.172  INFO 12108 --- [    Test worker] org.hibernate.dialect.Dialect            : HHH000400: Using dialect: org.hibernate.dialect.H2Dialect
2022-11-03 22:12:25.216  INFO 12108 --- [    Test worker] o.h.e.t.j.p.i.JtaPlatformInitiator       : HHH000490: Using JtaPlatform implementation: [org.hibernate.engine.transaction.jta.platform.internal.NoJtaPlatform]
2022-11-03 22:12:25.218  INFO 12108 --- [    Test worker] j.LocalContainerEntityManagerFactoryBean : Initialized JPA EntityManagerFactory for persistence unit 'default'
2022-11-03 22:12:25.406  WARN 12108 --- [    Test worker] JpaBaseConfiguration$JpaWebConfiguration : spring.jpa.open-in-view is enabled by default. Therefore, database queries may be performed during view rendering. Explicitly configure spring.jpa.open-in-view to disable this warning
2022-11-03 22:12:25.493  INFO 12108 --- [    Test worker] o.s.s.concurrent.ThreadPoolTaskExecutor  : Initializing ExecutorService 'applicationTaskExecutor'
2022-11-03 22:12:25.621  INFO 12108 --- [    Test worker] o.s.b.a.h2.H2ConsoleAutoConfiguration    : H2 console available at '/h2'. Database available at 'jdbc:h2:mem:~/bibliotecaTest'
2022-11-03 22:12:25.678  INFO 12108 --- [    Test worker] o.s.b.t.m.w.SpringBootMockServletContext : Initializing Spring TestDispatcherServlet ''
2022-11-03 22:12:25.678  INFO 12108 --- [    Test worker] o.s.t.web.servlet.TestDispatcherServlet  : Initializing Servlet ''
2022-11-03 22:12:25.685  INFO 12108 --- [    Test worker] o.s.t.web.servlet.TestDispatcherServlet  : Completed initialization in 7 ms
2022-11-03 22:12:25.690  INFO 12108 --- [    Test worker] com.ceiba.biblioteca.AditionalTest       : Started AditionalTest in 0.985 seconds (JVM running for 13.975)

MockHttpServletRequest:
      HTTP Method = POST
      Request URI = /prestamo
       Parameters = {}
          Headers = [Content-Type:"application/json;charset=UTF-8"]
             Body = {"isbn":"EQWQW85458","identificacionUsuario":"11111111..","tipoUsuario":3}
    Session Attrs = {}

Handler:
             Type = com.ceiba.biblioteca.infrastructure.controllers.PrestamoController
           Method = com.ceiba.biblioteca.infrastructure.controllers.PrestamoController#prestamo(PrestamoRequest)

Async:
    Async started = false
     Async result = null

Resolved Exception:
             Type = org.springframework.web.bind.MethodArgumentNotValidException

ModelAndView:
        View name = null
             View = null
            Model = null

FlashMap:
       Attributes = null

MockHttpServletResponse:
           Status = 400
    Error message = null
          Headers = [Content-Type:"application/json"]
     Content type = application/json
             Body = {"mensaje":"identificacionUsuario : SÃ³lo se permiten valores alfanumÃ©ricos"}
    Forwarded URL = null
   Redirected URL = null
          Cookies = []
2022-11-03 22:12:25.718  INFO 12108 --- [    Test worker] o.s.s.concurrent.ThreadPoolTaskExecutor  : Shutting down ExecutorService 'applicationTaskExecutor'
2022-11-03 22:12:25.718  INFO 12108 --- [    Test worker] j.LocalContainerEntityManagerFactoryBean : Closing JPA EntityManagerFactory for persistence unit 'default'
2022-11-03 22:12:25.719  INFO 12108 --- [    Test worker] .SchemaDropperImpl$DelayedDropActionImpl : HHH000477: Starting delayed evictData of schema as part of SessionFactory shut-down'
2022-11-03 22:12:25.721  INFO 12108 --- [    Test worker] com.zaxxer.hikari.HikariDataSource       : HikariPool-7 - Shutdown initiated...
2022-11-03 22:12:25.722  INFO 12108 --- [    Test worker] com.zaxxer.hikari.HikariDataSource       : HikariPool-7 - Shutdown completed.

  .   ____          _            __ _ _
 /\\ / ___'_ __ _ _(_)_ __  __ _ \ \ \ \
( ( )\___ | '_ | '_| | '_ \/ _` | \ \ \ \
 \\/  ___)| |_)| | | | | || (_| |  ) ) ) )
  '  |____| .__|_| |_|_| |_\__, | / / / /
 =========|_|==============|___/=/_/_/_/
 :: Spring Boot ::        (v2.2.1.RELEASE)

2022-11-03 22:12:25.747  INFO 12108 --- [    Test worker] com.ceiba.biblioteca.AditionalTest       : Starting AditionalTest on DESKTOP-GJG1D09 with PID 12108 (started by Admin in D:\Ingenieria Lorena\Prueba Ceiba\6561ebbd-9e53-4ab4-a53a-614dac5732f6\biblioteca)
2022-11-03 22:12:25.748  INFO 12108 --- [    Test worker] com.ceiba.biblioteca.AditionalTest       : No active profile set, falling back to default profiles: default
2022-11-03 22:12:25.919  INFO 12108 --- [    Test worker] .s.d.r.c.RepositoryConfigurationDelegate : Bootstrapping Spring Data repositories in DEFAULT mode.
2022-11-03 22:12:25.936  INFO 12108 --- [    Test worker] .s.d.r.c.RepositoryConfigurationDelegate : Finished Spring Data repository scanning in 17ms. Found 1 repository interfaces.
2022-11-03 22:12:25.997  INFO 12108 --- [    Test worker] trationDelegate$BeanPostProcessorChecker : Bean 'org.springframework.transaction.annotation.ProxyTransactionManagementConfiguration' of type [org.springframework.transaction.annotation.ProxyTransactionManagementConfiguration] is not eligible for getting processed by all BeanPostProcessors (for example: not eligible for auto-proxying)
2022-11-03 22:12:26.043  INFO 12108 --- [    Test worker] com.zaxxer.hikari.HikariDataSource       : HikariPool-8 - Starting...
2022-11-03 22:12:26.045  INFO 12108 --- [    Test worker] com.zaxxer.hikari.HikariDataSource       : HikariPool-8 - Start completed.
2022-11-03 22:12:26.057  INFO 12108 --- [    Test worker] o.hibernate.jpa.internal.util.LogHelper  : HHH000204: Processing PersistenceUnitInfo [name: default]
2022-11-03 22:12:26.063  INFO 12108 --- [    Test worker] org.hibernate.dialect.Dialect            : HHH000400: Using dialect: org.hibernate.dialect.H2Dialect
2022-11-03 22:12:26.103  INFO 12108 --- [    Test worker] o.h.e.t.j.p.i.JtaPlatformInitiator       : HHH000490: Using JtaPlatform implementation: [org.hibernate.engine.transaction.jta.platform.internal.NoJtaPlatform]
2022-11-03 22:12:26.106  INFO 12108 --- [    Test worker] j.LocalContainerEntityManagerFactoryBean : Initialized JPA EntityManagerFactory for persistence unit 'default'
2022-11-03 22:12:26.261  WARN 12108 --- [    Test worker] JpaBaseConfiguration$JpaWebConfiguration : spring.jpa.open-in-view is enabled by default. Therefore, database queries may be performed during view rendering. Explicitly configure spring.jpa.open-in-view to disable this warning
2022-11-03 22:12:26.374  INFO 12108 --- [    Test worker] o.s.s.concurrent.ThreadPoolTaskExecutor  : Initializing ExecutorService 'applicationTaskExecutor'
2022-11-03 22:12:26.532  INFO 12108 --- [    Test worker] o.s.b.a.h2.H2ConsoleAutoConfiguration    : H2 console available at '/h2'. Database available at 'jdbc:h2:mem:~/bibliotecaTest'
2022-11-03 22:12:26.590  INFO 12108 --- [    Test worker] o.s.b.t.m.w.SpringBootMockServletContext : Initializing Spring TestDispatcherServlet ''
2022-11-03 22:12:26.590  INFO 12108 --- [    Test worker] o.s.t.web.servlet.TestDispatcherServlet  : Initializing Servlet ''
2022-11-03 22:12:26.598  INFO 12108 --- [    Test worker] o.s.t.web.servlet.TestDispatcherServlet  : Completed initialization in 8 ms
2022-11-03 22:12:26.602  INFO 12108 --- [    Test worker] com.ceiba.biblioteca.AditionalTest       : Started AditionalTest in 0.878 seconds (JVM running for 14.888)

MockHttpServletRequest:
      HTTP Method = POST
      Request URI = /prestamo
       Parameters = {}
          Headers = [Content-Type:"application/json;charset=UTF-8"]
             Body = {"isbn":null,"identificacionUsuario":"1111111111","tipoUsuario":3}
    Session Attrs = {}

Handler:
             Type = com.ceiba.biblioteca.infrastructure.controllers.PrestamoController
           Method = com.ceiba.biblioteca.infrastructure.controllers.PrestamoController#prestamo(PrestamoRequest)

Async:
    Async started = false
     Async result = null

Resolved Exception:
             Type = org.springframework.web.bind.MethodArgumentNotValidException

ModelAndView:
        View name = null
             View = null
            Model = null

FlashMap:
       Attributes = null

MockHttpServletResponse:
           Status = 400
    Error message = null
          Headers = [Content-Type:"application/json"]
     Content type = application/json
             Body = {"mensaje":"isbn : isbn es obligatorio"}
    Forwarded URL = null
   Redirected URL = null
          Cookies = []
]]></system-out>
  <system-err><![CDATA[]]></system-err>
</testsuite>
