<?xml version="1.0" encoding="UTF-8"?>
<testsuite name="com.ceiba.biblioteca.calificador.PrestamoTests" tests="6" skipped="0" failures="0" errors="0" timestamp="2022-11-04T03:12:26" hostname="DESKTOP-GJG1D09" time="4.419">
  <properties/>
  <testcase name="prestamoLibroUsuarioInvitadoDeberiaAlmacenarCorrectamenteYCalcularFechaDeDevolucion()" classname="com.ceiba.biblioteca.calificador.PrestamoTests" time="0.855"/>
  <testcase name="prestamoLibroUsuarioEmpleadoDeberiaAlmacenarCorrectamenteYCalcularFechaDeDevolucion()" classname="com.ceiba.biblioteca.calificador.PrestamoTests" time="0.809"/>
  <testcase name="usuarioInvitadoTratandoDePrestarUnSegundoLibroDeberiaRetornarExcepcion()" classname="com.ceiba.biblioteca.calificador.PrestamoTests" time="0.724"/>
  <testcase name="prestamoConTipoDeUsuarioNoPermitidoDeberiaRetornarExcepcion()" classname="com.ceiba.biblioteca.calificador.PrestamoTests" time="0.638"/>
  <testcase name="usuarioNoInvitadoTratandoDePrestarUnSegundoLibroDeberiaPrestarloCorrectamente()" classname="com.ceiba.biblioteca.calificador.PrestamoTests" time="0.663"/>
  <testcase name="prestamoLibroUsuarioAfiliadoDeberiaAlmacenarCorrectamenteYCalcularFechaDeDevolucion()" classname="com.ceiba.biblioteca.calificador.PrestamoTests" time="0.725"/>
  <system-out><![CDATA[2022-11-03 22:12:26.644  INFO 12108 --- [    Test worker] .b.t.c.SpringBootTestContextBootstrapper : Neither @ContextConfiguration nor @ContextHierarchy found for test class [com.ceiba.biblioteca.calificador.PrestamoTests], using SpringBootContextLoader
2022-11-03 22:12:26.645  INFO 12108 --- [    Test worker] o.s.t.c.support.AbstractContextLoader    : Could not detect default resource locations for test class [com.ceiba.biblioteca.calificador.PrestamoTests]: no resource found for suffixes {-context.xml, Context.groovy}.
2022-11-03 22:12:26.645  INFO 12108 --- [    Test worker] t.c.s.AnnotationConfigContextLoaderUtils : Could not detect default configuration classes for test class [com.ceiba.biblioteca.calificador.PrestamoTests]: PrestamoTests does not declare any static, non-private, non-final, nested classes annotated with @Configuration.
2022-11-03 22:12:26.650  INFO 12108 --- [    Test worker] .b.t.c.SpringBootTestContextBootstrapper : Found @SpringBootConfiguration com.ceiba.biblioteca.BibliotecaApplication for test class com.ceiba.biblioteca.calificador.PrestamoTests
2022-11-03 22:12:26.652  INFO 12108 --- [    Test worker] .b.t.c.SpringBootTestContextBootstrapper : Loaded default TestExecutionListener class names from location [META-INF/spring.factories]: [org.springframework.boot.test.autoconfigure.restdocs.RestDocsTestExecutionListener, org.springframework.boot.test.autoconfigure.web.client.MockRestServiceServerResetTestExecutionListener, org.springframework.boot.test.autoconfigure.web.servlet.MockMvcPrintOnlyOnFailureTestExecutionListener, org.springframework.boot.test.autoconfigure.web.servlet.WebDriverTestExecutionListener, org.springframework.boot.test.mock.mockito.MockitoTestExecutionListener, org.springframework.boot.test.mock.mockito.ResetMocksTestExecutionListener, org.springframework.test.context.web.ServletTestExecutionListener, org.springframework.test.context.support.DirtiesContextBeforeModesTestExecutionListener, org.springframework.test.context.support.DependencyInjectionTestExecutionListener, org.springframework.test.context.support.DirtiesContextTestExecutionListener, org.springframework.test.context.transaction.TransactionalTestExecutionListener, org.springframework.test.context.jdbc.SqlScriptsTestExecutionListener, org.springframework.test.context.event.EventPublishingTestExecutionListener]
2022-11-03 22:12:26.652  INFO 12108 --- [    Test worker] .b.t.c.SpringBootTestContextBootstrapper : Using TestExecutionListeners: [org.springframework.test.context.web.ServletTestExecutionListener@4c95262b, org.springframework.test.context.support.DirtiesContextBeforeModesTestExecutionListener@28283fce, org.springframework.boot.test.mock.mockito.MockitoTestExecutionListener@4ac6387e, org.springframework.boot.test.autoconfigure.SpringBootDependencyInjectionTestExecutionListener@4d5927e2, org.springframework.test.context.support.DirtiesContextTestExecutionListener@2898e41c, org.springframework.test.context.transaction.TransactionalTestExecutionListener@4127688e, org.springframework.test.context.jdbc.SqlScriptsTestExecutionListener@3ad9bd1c, org.springframework.test.context.event.EventPublishingTestExecutionListener@3ebbeb92, org.springframework.boot.test.autoconfigure.restdocs.RestDocsTestExecutionListener@516c505d, org.springframework.boot.test.autoconfigure.web.client.MockRestServiceServerResetTestExecutionListener@2bf521e6, org.springframework.boot.test.autoconfigure.web.servlet.MockMvcPrintOnlyOnFailureTestExecutionListener@5c3358d9, org.springframework.boot.test.autoconfigure.web.servlet.WebDriverTestExecutionListener@3d35cfb6, org.springframework.boot.test.mock.mockito.ResetMocksTestExecutionListener@ee88ef5]
2022-11-03 22:12:26.657  INFO 12108 --- [    Test worker] o.s.s.concurrent.ThreadPoolTaskExecutor  : Shutting down ExecutorService 'applicationTaskExecutor'
2022-11-03 22:12:26.658  INFO 12108 --- [    Test worker] j.LocalContainerEntityManagerFactoryBean : Closing JPA EntityManagerFactory for persistence unit 'default'
2022-11-03 22:12:26.658  INFO 12108 --- [    Test worker] .SchemaDropperImpl$DelayedDropActionImpl : HHH000477: Starting delayed evictData of schema as part of SessionFactory shut-down'
2022-11-03 22:12:26.660  INFO 12108 --- [    Test worker] com.zaxxer.hikari.HikariDataSource       : HikariPool-8 - Shutdown initiated...
2022-11-03 22:12:26.661  INFO 12108 --- [    Test worker] com.zaxxer.hikari.HikariDataSource       : HikariPool-8 - Shutdown completed.

  .   ____          _            __ _ _
 /\\ / ___'_ __ _ _(_)_ __  __ _ \ \ \ \
( ( )\___ | '_ | '_| | '_ \/ _` | \ \ \ \
 \\/  ___)| |_)| | | | | || (_| |  ) ) ) )
  '  |____| .__|_| |_|_| |_\__, | / / / /
 =========|_|==============|___/=/_/_/_/
 :: Spring Boot ::        (v2.2.1.RELEASE)

2022-11-03 22:12:26.686  INFO 12108 --- [    Test worker] c.c.b.calificador.PrestamoTests          : Starting PrestamoTests on DESKTOP-GJG1D09 with PID 12108 (started by Admin in D:\Ingenieria Lorena\Prueba Ceiba\6561ebbd-9e53-4ab4-a53a-614dac5732f6\biblioteca)
2022-11-03 22:12:26.687  INFO 12108 --- [    Test worker] c.c.b.calificador.PrestamoTests          : No active profile set, falling back to default profiles: default
2022-11-03 22:12:26.836  INFO 12108 --- [    Test worker] .s.d.r.c.RepositoryConfigurationDelegate : Bootstrapping Spring Data repositories in DEFAULT mode.
2022-11-03 22:12:26.852  INFO 12108 --- [    Test worker] .s.d.r.c.RepositoryConfigurationDelegate : Finished Spring Data repository scanning in 15ms. Found 1 repository interfaces.
2022-11-03 22:12:26.911  INFO 12108 --- [    Test worker] trationDelegate$BeanPostProcessorChecker : Bean 'org.springframework.transaction.annotation.ProxyTransactionManagementConfiguration' of type [org.springframework.transaction.annotation.ProxyTransactionManagementConfiguration] is not eligible for getting processed by all BeanPostProcessors (for example: not eligible for auto-proxying)
2022-11-03 22:12:26.954  INFO 12108 --- [    Test worker] com.zaxxer.hikari.HikariDataSource       : HikariPool-9 - Starting...
2022-11-03 22:12:26.956  INFO 12108 --- [    Test worker] com.zaxxer.hikari.HikariDataSource       : HikariPool-9 - Start completed.
2022-11-03 22:12:26.971  INFO 12108 --- [    Test worker] o.hibernate.jpa.internal.util.LogHelper  : HHH000204: Processing PersistenceUnitInfo [name: default]
2022-11-03 22:12:26.982  INFO 12108 --- [    Test worker] org.hibernate.dialect.Dialect            : HHH000400: Using dialect: org.hibernate.dialect.H2Dialect
2022-11-03 22:12:27.027  INFO 12108 --- [    Test worker] o.h.e.t.j.p.i.JtaPlatformInitiator       : HHH000490: Using JtaPlatform implementation: [org.hibernate.engine.transaction.jta.platform.internal.NoJtaPlatform]
2022-11-03 22:12:27.028  INFO 12108 --- [    Test worker] j.LocalContainerEntityManagerFactoryBean : Initialized JPA EntityManagerFactory for persistence unit 'default'
2022-11-03 22:12:27.163  WARN 12108 --- [    Test worker] JpaBaseConfiguration$JpaWebConfiguration : spring.jpa.open-in-view is enabled by default. Therefore, database queries may be performed during view rendering. Explicitly configure spring.jpa.open-in-view to disable this warning
2022-11-03 22:12:27.233  INFO 12108 --- [    Test worker] o.s.s.concurrent.ThreadPoolTaskExecutor  : Initializing ExecutorService 'applicationTaskExecutor'
2022-11-03 22:12:27.353  INFO 12108 --- [    Test worker] o.s.b.a.h2.H2ConsoleAutoConfiguration    : H2 console available at '/h2'. Database available at 'jdbc:h2:mem:~/bibliotecaTest'
2022-11-03 22:12:27.391  INFO 12108 --- [    Test worker] o.s.b.t.m.w.SpringBootMockServletContext : Initializing Spring TestDispatcherServlet ''
2022-11-03 22:12:27.391  INFO 12108 --- [    Test worker] o.s.t.web.servlet.TestDispatcherServlet  : Initializing Servlet ''
2022-11-03 22:12:27.398  INFO 12108 --- [    Test worker] o.s.t.web.servlet.TestDispatcherServlet  : Completed initialization in 6 ms
2022-11-03 22:12:27.402  INFO 12108 --- [    Test worker] c.c.b.calificador.PrestamoTests          : Started PrestamoTests in 0.738 seconds (JVM running for 15.687)

MockHttpServletRequest:
      HTTP Method = POST
      Request URI = /prestamo
       Parameters = {}
          Headers = [Content-Type:"application/json;charset=UTF-8"]
             Body = {"isbn":"EQWQW8545","identificacionUsuario":"74851254","tipoUsuario":3}
    Session Attrs = {}

Handler:
             Type = com.ceiba.biblioteca.infrastructure.controllers.PrestamoController
           Method = com.ceiba.biblioteca.infrastructure.controllers.PrestamoController#prestamo(PrestamoRequest)

Async:
    Async started = false
     Async result = null

Resolved Exception:
             Type = null

ModelAndView:
        View name = null
             View = null
            Model = null

FlashMap:
       Attributes = null

MockHttpServletResponse:
           Status = 200
    Error message = null
          Headers = [Content-Type:"application/json"]
     Content type = application/json
             Body = {"id":1,"fechaMaximaDevolucion":"14/11/2022"}
    Forwarded URL = null
   Redirected URL = null
          Cookies = []

MockHttpServletRequest:
      HTTP Method = GET
      Request URI = /prestamo/1
       Parameters = {}
          Headers = [Accept:"application/json"]
             Body = null
    Session Attrs = {}

Handler:
             Type = com.ceiba.biblioteca.infrastructure.controllers.PrestamoController
           Method = com.ceiba.biblioteca.infrastructure.controllers.PrestamoController#getPrestamo(Long)

Async:
    Async started = false
     Async result = null

Resolved Exception:
             Type = null

ModelAndView:
        View name = null
             View = null
            Model = null

FlashMap:
       Attributes = null

MockHttpServletResponse:
           Status = 200
    Error message = null
          Headers = [Content-Type:"application/json"]
     Content type = application/json
             Body = {"id":1,"isbn":"EQWQW8545","identificacionUsuario":"74851254","tipoUsuario":3,"fechaMaximaDevolucion":"14/11/2022"}
    Forwarded URL = null
   Redirected URL = null
          Cookies = []
2022-11-03 22:12:27.512  INFO 12108 --- [    Test worker] o.s.s.concurrent.ThreadPoolTaskExecutor  : Shutting down ExecutorService 'applicationTaskExecutor'
2022-11-03 22:12:27.513  INFO 12108 --- [    Test worker] j.LocalContainerEntityManagerFactoryBean : Closing JPA EntityManagerFactory for persistence unit 'default'
2022-11-03 22:12:27.513  INFO 12108 --- [    Test worker] .SchemaDropperImpl$DelayedDropActionImpl : HHH000477: Starting delayed evictData of schema as part of SessionFactory shut-down'
2022-11-03 22:12:27.514  INFO 12108 --- [    Test worker] com.zaxxer.hikari.HikariDataSource       : HikariPool-9 - Shutdown initiated...
2022-11-03 22:12:27.515  INFO 12108 --- [    Test worker] com.zaxxer.hikari.HikariDataSource       : HikariPool-9 - Shutdown completed.

  .   ____          _            __ _ _
 /\\ / ___'_ __ _ _(_)_ __  __ _ \ \ \ \
( ( )\___ | '_ | '_| | '_ \/ _` | \ \ \ \
 \\/  ___)| |_)| | | | | || (_| |  ) ) ) )
  '  |____| .__|_| |_|_| |_\__, | / / / /
 =========|_|==============|___/=/_/_/_/
 :: Spring Boot ::        (v2.2.1.RELEASE)

2022-11-03 22:12:27.540  INFO 12108 --- [    Test worker] c.c.b.calificador.PrestamoTests          : Starting PrestamoTests on DESKTOP-GJG1D09 with PID 12108 (started by Admin in D:\Ingenieria Lorena\Prueba Ceiba\6561ebbd-9e53-4ab4-a53a-614dac5732f6\biblioteca)
2022-11-03 22:12:27.540  INFO 12108 --- [    Test worker] c.c.b.calificador.PrestamoTests          : No active profile set, falling back to default profiles: default
2022-11-03 22:12:27.689  INFO 12108 --- [    Test worker] .s.d.r.c.RepositoryConfigurationDelegate : Bootstrapping Spring Data repositories in DEFAULT mode.
2022-11-03 22:12:27.705  INFO 12108 --- [    Test worker] .s.d.r.c.RepositoryConfigurationDelegate : Finished Spring Data repository scanning in 15ms. Found 1 repository interfaces.
2022-11-03 22:12:27.770  INFO 12108 --- [    Test worker] trationDelegate$BeanPostProcessorChecker : Bean 'org.springframework.transaction.annotation.ProxyTransactionManagementConfiguration' of type [org.springframework.transaction.annotation.ProxyTransactionManagementConfiguration] is not eligible for getting processed by all BeanPostProcessors (for example: not eligible for auto-proxying)
2022-11-03 22:12:27.826  INFO 12108 --- [    Test worker] com.zaxxer.hikari.HikariDataSource       : HikariPool-10 - Starting...
2022-11-03 22:12:27.829  INFO 12108 --- [    Test worker] com.zaxxer.hikari.HikariDataSource       : HikariPool-10 - Start completed.
2022-11-03 22:12:27.846  INFO 12108 --- [    Test worker] o.hibernate.jpa.internal.util.LogHelper  : HHH000204: Processing PersistenceUnitInfo [name: default]
2022-11-03 22:12:27.857  INFO 12108 --- [    Test worker] org.hibernate.dialect.Dialect            : HHH000400: Using dialect: org.hibernate.dialect.H2Dialect
2022-11-03 22:12:27.893  INFO 12108 --- [    Test worker] o.h.e.t.j.p.i.JtaPlatformInitiator       : HHH000490: Using JtaPlatform implementation: [org.hibernate.engine.transaction.jta.platform.internal.NoJtaPlatform]
2022-11-03 22:12:27.895  INFO 12108 --- [    Test worker] j.LocalContainerEntityManagerFactoryBean : Initialized JPA EntityManagerFactory for persistence unit 'default'
2022-11-03 22:12:28.045  WARN 12108 --- [    Test worker] JpaBaseConfiguration$JpaWebConfiguration : spring.jpa.open-in-view is enabled by default. Therefore, database queries may be performed during view rendering. Explicitly configure spring.jpa.open-in-view to disable this warning
2022-11-03 22:12:28.113  INFO 12108 --- [    Test worker] o.s.s.concurrent.ThreadPoolTaskExecutor  : Initializing ExecutorService 'applicationTaskExecutor'
2022-11-03 22:12:28.232  INFO 12108 --- [    Test worker] o.s.b.a.h2.H2ConsoleAutoConfiguration    : H2 console available at '/h2'. Database available at 'jdbc:h2:mem:~/bibliotecaTest'
2022-11-03 22:12:28.270  INFO 12108 --- [    Test worker] o.s.b.t.m.w.SpringBootMockServletContext : Initializing Spring TestDispatcherServlet ''
2022-11-03 22:12:28.271  INFO 12108 --- [    Test worker] o.s.t.web.servlet.TestDispatcherServlet  : Initializing Servlet ''
2022-11-03 22:12:28.276  INFO 12108 --- [    Test worker] o.s.t.web.servlet.TestDispatcherServlet  : Completed initialization in 5 ms
2022-11-03 22:12:28.280  INFO 12108 --- [    Test worker] c.c.b.calificador.PrestamoTests          : Started PrestamoTests in 0.763 seconds (JVM running for 16.565)

MockHttpServletRequest:
      HTTP Method = POST
      Request URI = /prestamo
       Parameters = {}
          Headers = [Content-Type:"application/json;charset=UTF-8"]
             Body = {"isbn":"AWQ489","identificacionUsuario":"7481545","tipoUsuario":2}
    Session Attrs = {}

Handler:
             Type = com.ceiba.biblioteca.infrastructure.controllers.PrestamoController
           Method = com.ceiba.biblioteca.infrastructure.controllers.PrestamoController#prestamo(PrestamoRequest)

Async:
    Async started = false
     Async result = null

Resolved Exception:
             Type = null

ModelAndView:
        View name = null
             View = null
            Model = null

FlashMap:
       Attributes = null

MockHttpServletResponse:
           Status = 200
    Error message = null
          Headers = [Content-Type:"application/json"]
     Content type = application/json
             Body = {"id":1,"fechaMaximaDevolucion":"15/11/2022"}
    Forwarded URL = null
   Redirected URL = null
          Cookies = []

MockHttpServletRequest:
      HTTP Method = GET
      Request URI = /prestamo/1
       Parameters = {}
          Headers = [Accept:"application/json"]
             Body = null
    Session Attrs = {}

Handler:
             Type = com.ceiba.biblioteca.infrastructure.controllers.PrestamoController
           Method = com.ceiba.biblioteca.infrastructure.controllers.PrestamoController#getPrestamo(Long)

Async:
    Async started = false
     Async result = null

Resolved Exception:
             Type = null

ModelAndView:
        View name = null
             View = null
            Model = null

FlashMap:
       Attributes = null

MockHttpServletResponse:
           Status = 200
    Error message = null
          Headers = [Content-Type:"application/json"]
     Content type = application/json
             Body = {"id":1,"isbn":"AWQ489","identificacionUsuario":"7481545","tipoUsuario":2,"fechaMaximaDevolucion":"15/11/2022"}
    Forwarded URL = null
   Redirected URL = null
          Cookies = []
2022-11-03 22:12:28.323  INFO 12108 --- [    Test worker] o.s.s.concurrent.ThreadPoolTaskExecutor  : Shutting down ExecutorService 'applicationTaskExecutor'
2022-11-03 22:12:28.323  INFO 12108 --- [    Test worker] j.LocalContainerEntityManagerFactoryBean : Closing JPA EntityManagerFactory for persistence unit 'default'
2022-11-03 22:12:28.324  INFO 12108 --- [    Test worker] .SchemaDropperImpl$DelayedDropActionImpl : HHH000477: Starting delayed evictData of schema as part of SessionFactory shut-down'
2022-11-03 22:12:28.325  INFO 12108 --- [    Test worker] com.zaxxer.hikari.HikariDataSource       : HikariPool-10 - Shutdown initiated...
2022-11-03 22:12:28.327  INFO 12108 --- [    Test worker] com.zaxxer.hikari.HikariDataSource       : HikariPool-10 - Shutdown completed.

  .   ____          _            __ _ _
 /\\ / ___'_ __ _ _(_)_ __  __ _ \ \ \ \
( ( )\___ | '_ | '_| | '_ \/ _` | \ \ \ \
 \\/  ___)| |_)| | | | | || (_| |  ) ) ) )
  '  |____| .__|_| |_|_| |_\__, | / / / /
 =========|_|==============|___/=/_/_/_/
 :: Spring Boot ::        (v2.2.1.RELEASE)

2022-11-03 22:12:28.350  INFO 12108 --- [    Test worker] c.c.b.calificador.PrestamoTests          : Starting PrestamoTests on DESKTOP-GJG1D09 with PID 12108 (started by Admin in D:\Ingenieria Lorena\Prueba Ceiba\6561ebbd-9e53-4ab4-a53a-614dac5732f6\biblioteca)
2022-11-03 22:12:28.351  INFO 12108 --- [    Test worker] c.c.b.calificador.PrestamoTests          : No active profile set, falling back to default profiles: default
2022-11-03 22:12:28.475  INFO 12108 --- [    Test worker] .s.d.r.c.RepositoryConfigurationDelegate : Bootstrapping Spring Data repositories in DEFAULT mode.
2022-11-03 22:12:28.490  INFO 12108 --- [    Test worker] .s.d.r.c.RepositoryConfigurationDelegate : Finished Spring Data repository scanning in 13ms. Found 1 repository interfaces.
2022-11-03 22:12:28.549  INFO 12108 --- [    Test worker] trationDelegate$BeanPostProcessorChecker : Bean 'org.springframework.transaction.annotation.ProxyTransactionManagementConfiguration' of type [org.springframework.transaction.annotation.ProxyTransactionManagementConfiguration] is not eligible for getting processed by all BeanPostProcessors (for example: not eligible for auto-proxying)
2022-11-03 22:12:28.588  INFO 12108 --- [    Test worker] com.zaxxer.hikari.HikariDataSource       : HikariPool-11 - Starting...
2022-11-03 22:12:28.590  INFO 12108 --- [    Test worker] com.zaxxer.hikari.HikariDataSource       : HikariPool-11 - Start completed.
2022-11-03 22:12:28.606  INFO 12108 --- [    Test worker] o.hibernate.jpa.internal.util.LogHelper  : HHH000204: Processing PersistenceUnitInfo [name: default]
2022-11-03 22:12:28.611  INFO 12108 --- [    Test worker] org.hibernate.dialect.Dialect            : HHH000400: Using dialect: org.hibernate.dialect.H2Dialect
2022-11-03 22:12:28.639  INFO 12108 --- [    Test worker] o.h.e.t.j.p.i.JtaPlatformInitiator       : HHH000490: Using JtaPlatform implementation: [org.hibernate.engine.transaction.jta.platform.internal.NoJtaPlatform]
2022-11-03 22:12:28.640  INFO 12108 --- [    Test worker] j.LocalContainerEntityManagerFactoryBean : Initialized JPA EntityManagerFactory for persistence unit 'default'
2022-11-03 22:12:28.768  WARN 12108 --- [    Test worker] JpaBaseConfiguration$JpaWebConfiguration : spring.jpa.open-in-view is enabled by default. Therefore, database queries may be performed during view rendering. Explicitly configure spring.jpa.open-in-view to disable this warning
2022-11-03 22:12:28.843  INFO 12108 --- [    Test worker] o.s.s.concurrent.ThreadPoolTaskExecutor  : Initializing ExecutorService 'applicationTaskExecutor'
2022-11-03 22:12:28.953  INFO 12108 --- [    Test worker] o.s.b.a.h2.H2ConsoleAutoConfiguration    : H2 console available at '/h2'. Database available at 'jdbc:h2:mem:~/bibliotecaTest'
2022-11-03 22:12:28.999  INFO 12108 --- [    Test worker] o.s.b.t.m.w.SpringBootMockServletContext : Initializing Spring TestDispatcherServlet ''
2022-11-03 22:12:28.999  INFO 12108 --- [    Test worker] o.s.t.web.servlet.TestDispatcherServlet  : Initializing Servlet ''
2022-11-03 22:12:29.005  INFO 12108 --- [    Test worker] o.s.t.web.servlet.TestDispatcherServlet  : Completed initialization in 6 ms
2022-11-03 22:12:29.010  INFO 12108 --- [    Test worker] c.c.b.calificador.PrestamoTests          : Started PrestamoTests in 0.681 seconds (JVM running for 17.295)

MockHttpServletRequest:
      HTTP Method = POST
      Request URI = /prestamo
       Parameters = {}
          Headers = [Content-Type:"application/json;charset=UTF-8"]
             Body = {"isbn":"EQWQW8545","identificacionUsuario":"1111111111","tipoUsuario":3}
    Session Attrs = {}

Handler:
             Type = com.ceiba.biblioteca.infrastructure.controllers.PrestamoController
           Method = com.ceiba.biblioteca.infrastructure.controllers.PrestamoController#prestamo(PrestamoRequest)

Async:
    Async started = false
     Async result = null

Resolved Exception:
             Type = null

ModelAndView:
        View name = null
             View = null
            Model = null

FlashMap:
       Attributes = null

MockHttpServletResponse:
           Status = 200
    Error message = null
          Headers = [Content-Type:"application/json"]
     Content type = application/json
             Body = {"id":1,"fechaMaximaDevolucion":"14/11/2022"}
    Forwarded URL = null
   Redirected URL = null
          Cookies = []

MockHttpServletRequest:
      HTTP Method = POST
      Request URI = /prestamo
       Parameters = {}
          Headers = [Content-Type:"application/json;charset=UTF-8"]
             Body = {"isbn":"EQWQW8545","identificacionUsuario":"1111111111","tipoUsuario":3}
    Session Attrs = {}

Handler:
             Type = com.ceiba.biblioteca.infrastructure.controllers.PrestamoController
           Method = com.ceiba.biblioteca.infrastructure.controllers.PrestamoController#prestamo(PrestamoRequest)

Async:
    Async started = false
     Async result = null

Resolved Exception:
             Type = com.ceiba.biblioteca.domain.exception.PrestamoException

ModelAndView:
        View name = null
             View = null
            Model = null

FlashMap:
       Attributes = null

MockHttpServletResponse:
           Status = 400
    Error message = null
          Headers = [Content-Type:"application/json"]
     Content type = application/json
             Body = {"mensaje":"El usuario con identificaciÃ³n 1111111111 ya tiene un libro prestado por lo cual no se le puede realizar otro prÃ©stamo"}
    Forwarded URL = null
   Redirected URL = null
          Cookies = []
2022-11-03 22:12:29.047  INFO 12108 --- [    Test worker] o.s.s.concurrent.ThreadPoolTaskExecutor  : Shutting down ExecutorService 'applicationTaskExecutor'
2022-11-03 22:12:29.048  INFO 12108 --- [    Test worker] j.LocalContainerEntityManagerFactoryBean : Closing JPA EntityManagerFactory for persistence unit 'default'
2022-11-03 22:12:29.048  INFO 12108 --- [    Test worker] .SchemaDropperImpl$DelayedDropActionImpl : HHH000477: Starting delayed evictData of schema as part of SessionFactory shut-down'
2022-11-03 22:12:29.049  INFO 12108 --- [    Test worker] com.zaxxer.hikari.HikariDataSource       : HikariPool-11 - Shutdown initiated...
2022-11-03 22:12:29.050  INFO 12108 --- [    Test worker] com.zaxxer.hikari.HikariDataSource       : HikariPool-11 - Shutdown completed.

  .   ____          _            __ _ _
 /\\ / ___'_ __ _ _(_)_ __  __ _ \ \ \ \
( ( )\___ | '_ | '_| | '_ \/ _` | \ \ \ \
 \\/  ___)| |_)| | | | | || (_| |  ) ) ) )
  '  |____| .__|_| |_|_| |_\__, | / / / /
 =========|_|==============|___/=/_/_/_/
 :: Spring Boot ::        (v2.2.1.RELEASE)

2022-11-03 22:12:29.068  INFO 12108 --- [    Test worker] c.c.b.calificador.PrestamoTests          : Starting PrestamoTests on DESKTOP-GJG1D09 with PID 12108 (started by Admin in D:\Ingenieria Lorena\Prueba Ceiba\6561ebbd-9e53-4ab4-a53a-614dac5732f6\biblioteca)
2022-11-03 22:12:29.068  INFO 12108 --- [    Test worker] c.c.b.calificador.PrestamoTests          : No active profile set, falling back to default profiles: default
2022-11-03 22:12:29.184  INFO 12108 --- [    Test worker] .s.d.r.c.RepositoryConfigurationDelegate : Bootstrapping Spring Data repositories in DEFAULT mode.
2022-11-03 22:12:29.198  INFO 12108 --- [    Test worker] .s.d.r.c.RepositoryConfigurationDelegate : Finished Spring Data repository scanning in 13ms. Found 1 repository interfaces.
2022-11-03 22:12:29.246  INFO 12108 --- [    Test worker] trationDelegate$BeanPostProcessorChecker : Bean 'org.springframework.transaction.annotation.ProxyTransactionManagementConfiguration' of type [org.springframework.transaction.annotation.ProxyTransactionManagementConfiguration] is not eligible for getting processed by all BeanPostProcessors (for example: not eligible for auto-proxying)
2022-11-03 22:12:29.291  INFO 12108 --- [    Test worker] com.zaxxer.hikari.HikariDataSource       : HikariPool-12 - Starting...
2022-11-03 22:12:29.293  INFO 12108 --- [    Test worker] com.zaxxer.hikari.HikariDataSource       : HikariPool-12 - Start completed.
2022-11-03 22:12:29.304  INFO 12108 --- [    Test worker] o.hibernate.jpa.internal.util.LogHelper  : HHH000204: Processing PersistenceUnitInfo [name: default]
2022-11-03 22:12:29.310  INFO 12108 --- [    Test worker] org.hibernate.dialect.Dialect            : HHH000400: Using dialect: org.hibernate.dialect.H2Dialect
2022-11-03 22:12:29.337  INFO 12108 --- [    Test worker] o.h.e.t.j.p.i.JtaPlatformInitiator       : HHH000490: Using JtaPlatform implementation: [org.hibernate.engine.transaction.jta.platform.internal.NoJtaPlatform]
2022-11-03 22:12:29.338  INFO 12108 --- [    Test worker] j.LocalContainerEntityManagerFactoryBean : Initialized JPA EntityManagerFactory for persistence unit 'default'
2022-11-03 22:12:29.449  WARN 12108 --- [    Test worker] JpaBaseConfiguration$JpaWebConfiguration : spring.jpa.open-in-view is enabled by default. Therefore, database queries may be performed during view rendering. Explicitly configure spring.jpa.open-in-view to disable this warning
2022-11-03 22:12:29.516  INFO 12108 --- [    Test worker] o.s.s.concurrent.ThreadPoolTaskExecutor  : Initializing ExecutorService 'applicationTaskExecutor'
2022-11-03 22:12:29.617  INFO 12108 --- [    Test worker] o.s.b.a.h2.H2ConsoleAutoConfiguration    : H2 console available at '/h2'. Database available at 'jdbc:h2:mem:~/bibliotecaTest'
2022-11-03 22:12:29.662  INFO 12108 --- [    Test worker] o.s.b.t.m.w.SpringBootMockServletContext : Initializing Spring TestDispatcherServlet ''
2022-11-03 22:12:29.662  INFO 12108 --- [    Test worker] o.s.t.web.servlet.TestDispatcherServlet  : Initializing Servlet ''
2022-11-03 22:12:29.669  INFO 12108 --- [    Test worker] o.s.t.web.servlet.TestDispatcherServlet  : Completed initialization in 7 ms
2022-11-03 22:12:29.672  INFO 12108 --- [    Test worker] c.c.b.calificador.PrestamoTests          : Started PrestamoTests in 0.621 seconds (JVM running for 17.958)

MockHttpServletRequest:
      HTTP Method = POST
      Request URI = /prestamo
       Parameters = {}
          Headers = [Content-Type:"application/json;charset=UTF-8"]
             Body = {"isbn":"EQWQW8545","identificacionUsuario":"1111111111","tipoUsuario":5}
    Session Attrs = {}

Handler:
             Type = com.ceiba.biblioteca.infrastructure.controllers.PrestamoController
           Method = com.ceiba.biblioteca.infrastructure.controllers.PrestamoController#prestamo(PrestamoRequest)

Async:
    Async started = false
     Async result = null

Resolved Exception:
             Type = org.springframework.http.converter.HttpMessageNotReadableException

ModelAndView:
        View name = null
             View = null
            Model = null

FlashMap:
       Attributes = null

MockHttpServletResponse:
           Status = 400
    Error message = null
          Headers = [Content-Type:"application/json"]
     Content type = application/json
             Body = {"mensaje":"Tipo de usuario no permitido en la biblioteca"}
    Forwarded URL = null
   Redirected URL = null
          Cookies = []
2022-11-03 22:12:29.686  INFO 12108 --- [    Test worker] o.s.s.concurrent.ThreadPoolTaskExecutor  : Shutting down ExecutorService 'applicationTaskExecutor'
2022-11-03 22:12:29.687  INFO 12108 --- [    Test worker] j.LocalContainerEntityManagerFactoryBean : Closing JPA EntityManagerFactory for persistence unit 'default'
2022-11-03 22:12:29.687  INFO 12108 --- [    Test worker] .SchemaDropperImpl$DelayedDropActionImpl : HHH000477: Starting delayed evictData of schema as part of SessionFactory shut-down'
2022-11-03 22:12:29.688  INFO 12108 --- [    Test worker] com.zaxxer.hikari.HikariDataSource       : HikariPool-12 - Shutdown initiated...
2022-11-03 22:12:29.689  INFO 12108 --- [    Test worker] com.zaxxer.hikari.HikariDataSource       : HikariPool-12 - Shutdown completed.

  .   ____          _            __ _ _
 /\\ / ___'_ __ _ _(_)_ __  __ _ \ \ \ \
( ( )\___ | '_ | '_| | '_ \/ _` | \ \ \ \
 \\/  ___)| |_)| | | | | || (_| |  ) ) ) )
  '  |____| .__|_| |_|_| |_\__, | / / / /
 =========|_|==============|___/=/_/_/_/
 :: Spring Boot ::        (v2.2.1.RELEASE)

2022-11-03 22:12:29.707  INFO 12108 --- [    Test worker] c.c.b.calificador.PrestamoTests          : Starting PrestamoTests on DESKTOP-GJG1D09 with PID 12108 (started by Admin in D:\Ingenieria Lorena\Prueba Ceiba\6561ebbd-9e53-4ab4-a53a-614dac5732f6\biblioteca)
2022-11-03 22:12:29.707  INFO 12108 --- [    Test worker] c.c.b.calificador.PrestamoTests          : No active profile set, falling back to default profiles: default
2022-11-03 22:12:29.816  INFO 12108 --- [    Test worker] .s.d.r.c.RepositoryConfigurationDelegate : Bootstrapping Spring Data repositories in DEFAULT mode.
2022-11-03 22:12:29.829  INFO 12108 --- [    Test worker] .s.d.r.c.RepositoryConfigurationDelegate : Finished Spring Data repository scanning in 13ms. Found 1 repository interfaces.
2022-11-03 22:12:29.874  INFO 12108 --- [    Test worker] trationDelegate$BeanPostProcessorChecker : Bean 'org.springframework.transaction.annotation.ProxyTransactionManagementConfiguration' of type [org.springframework.transaction.annotation.ProxyTransactionManagementConfiguration] is not eligible for getting processed by all BeanPostProcessors (for example: not eligible for auto-proxying)
2022-11-03 22:12:29.919  INFO 12108 --- [    Test worker] com.zaxxer.hikari.HikariDataSource       : HikariPool-13 - Starting...
2022-11-03 22:12:29.921  INFO 12108 --- [    Test worker] com.zaxxer.hikari.HikariDataSource       : HikariPool-13 - Start completed.
2022-11-03 22:12:29.937  INFO 12108 --- [    Test worker] o.hibernate.jpa.internal.util.LogHelper  : HHH000204: Processing PersistenceUnitInfo [name: default]
2022-11-03 22:12:29.943  INFO 12108 --- [    Test worker] org.hibernate.dialect.Dialect            : HHH000400: Using dialect: org.hibernate.dialect.H2Dialect
2022-11-03 22:12:29.970  INFO 12108 --- [    Test worker] o.h.e.t.j.p.i.JtaPlatformInitiator       : HHH000490: Using JtaPlatform implementation: [org.hibernate.engine.transaction.jta.platform.internal.NoJtaPlatform]
2022-11-03 22:12:29.972  INFO 12108 --- [    Test worker] j.LocalContainerEntityManagerFactoryBean : Initialized JPA EntityManagerFactory for persistence unit 'default'
2022-11-03 22:12:30.099  WARN 12108 --- [    Test worker] JpaBaseConfiguration$JpaWebConfiguration : spring.jpa.open-in-view is enabled by default. Therefore, database queries may be performed during view rendering. Explicitly configure spring.jpa.open-in-view to disable this warning
2022-11-03 22:12:30.163  INFO 12108 --- [    Test worker] o.s.s.concurrent.ThreadPoolTaskExecutor  : Initializing ExecutorService 'applicationTaskExecutor'
2022-11-03 22:12:30.273  INFO 12108 --- [    Test worker] o.s.b.a.h2.H2ConsoleAutoConfiguration    : H2 console available at '/h2'. Database available at 'jdbc:h2:mem:~/bibliotecaTest'
2022-11-03 22:12:30.313  INFO 12108 --- [    Test worker] o.s.b.t.m.w.SpringBootMockServletContext : Initializing Spring TestDispatcherServlet ''
2022-11-03 22:12:30.314  INFO 12108 --- [    Test worker] o.s.t.web.servlet.TestDispatcherServlet  : Initializing Servlet ''
2022-11-03 22:12:30.319  INFO 12108 --- [    Test worker] o.s.t.web.servlet.TestDispatcherServlet  : Completed initialization in 5 ms
2022-11-03 22:12:30.323  INFO 12108 --- [    Test worker] c.c.b.calificador.PrestamoTests          : Started PrestamoTests in 0.632 seconds (JVM running for 18.608)

MockHttpServletRequest:
      HTTP Method = POST
      Request URI = /prestamo
       Parameters = {}
          Headers = [Content-Type:"application/json;charset=UTF-8"]
             Body = {"isbn":"EQWQW8545","identificacionUsuario":"1111111111","tipoUsuario":1}
    Session Attrs = {}

Handler:
             Type = com.ceiba.biblioteca.infrastructure.controllers.PrestamoController
           Method = com.ceiba.biblioteca.infrastructure.controllers.PrestamoController#prestamo(PrestamoRequest)

Async:
    Async started = false
     Async result = null

Resolved Exception:
             Type = null

ModelAndView:
        View name = null
             View = null
            Model = null

FlashMap:
       Attributes = null

MockHttpServletResponse:
           Status = 200
    Error message = null
          Headers = [Content-Type:"application/json"]
     Content type = application/json
             Body = {"id":1,"fechaMaximaDevolucion":"17/11/2022"}
    Forwarded URL = null
   Redirected URL = null
          Cookies = []

MockHttpServletRequest:
      HTTP Method = POST
      Request URI = /prestamo
       Parameters = {}
          Headers = [Content-Type:"application/json;charset=UTF-8"]
             Body = {"isbn":"EQWQW8545","identificacionUsuario":"1111111111","tipoUsuario":1}
    Session Attrs = {}

Handler:
             Type = com.ceiba.biblioteca.infrastructure.controllers.PrestamoController
           Method = com.ceiba.biblioteca.infrastructure.controllers.PrestamoController#prestamo(PrestamoRequest)

Async:
    Async started = false
     Async result = null

Resolved Exception:
             Type = null

ModelAndView:
        View name = null
             View = null
            Model = null

FlashMap:
       Attributes = null

MockHttpServletResponse:
           Status = 200
    Error message = null
          Headers = [Content-Type:"application/json"]
     Content type = application/json
             Body = {"id":2,"fechaMaximaDevolucion":"17/11/2022"}
    Forwarded URL = null
   Redirected URL = null
          Cookies = []
2022-11-03 22:12:30.350  INFO 12108 --- [    Test worker] o.s.s.concurrent.ThreadPoolTaskExecutor  : Shutting down ExecutorService 'applicationTaskExecutor'
2022-11-03 22:12:30.351  INFO 12108 --- [    Test worker] j.LocalContainerEntityManagerFactoryBean : Closing JPA EntityManagerFactory for persistence unit 'default'
2022-11-03 22:12:30.351  INFO 12108 --- [    Test worker] .SchemaDropperImpl$DelayedDropActionImpl : HHH000477: Starting delayed evictData of schema as part of SessionFactory shut-down'
2022-11-03 22:12:30.352  INFO 12108 --- [    Test worker] com.zaxxer.hikari.HikariDataSource       : HikariPool-13 - Shutdown initiated...
2022-11-03 22:12:30.353  INFO 12108 --- [    Test worker] com.zaxxer.hikari.HikariDataSource       : HikariPool-13 - Shutdown completed.

  .   ____          _            __ _ _
 /\\ / ___'_ __ _ _(_)_ __  __ _ \ \ \ \
( ( )\___ | '_ | '_| | '_ \/ _` | \ \ \ \
 \\/  ___)| |_)| | | | | || (_| |  ) ) ) )
  '  |____| .__|_| |_|_| |_\__, | / / / /
 =========|_|==============|___/=/_/_/_/
 :: Spring Boot ::        (v2.2.1.RELEASE)

2022-11-03 22:12:30.374  INFO 12108 --- [    Test worker] c.c.b.calificador.PrestamoTests          : Starting PrestamoTests on DESKTOP-GJG1D09 with PID 12108 (started by Admin in D:\Ingenieria Lorena\Prueba Ceiba\6561ebbd-9e53-4ab4-a53a-614dac5732f6\biblioteca)
2022-11-03 22:12:30.374  INFO 12108 --- [    Test worker] c.c.b.calificador.PrestamoTests          : No active profile set, falling back to default profiles: default
2022-11-03 22:12:30.512  INFO 12108 --- [    Test worker] .s.d.r.c.RepositoryConfigurationDelegate : Bootstrapping Spring Data repositories in DEFAULT mode.
2022-11-03 22:12:30.527  INFO 12108 --- [    Test worker] .s.d.r.c.RepositoryConfigurationDelegate : Finished Spring Data repository scanning in 14ms. Found 1 repository interfaces.
2022-11-03 22:12:30.586  INFO 12108 --- [    Test worker] trationDelegate$BeanPostProcessorChecker : Bean 'org.springframework.transaction.annotation.ProxyTransactionManagementConfiguration' of type [org.springframework.transaction.annotation.ProxyTransactionManagementConfiguration] is not eligible for getting processed by all BeanPostProcessors (for example: not eligible for auto-proxying)
2022-11-03 22:12:30.630  INFO 12108 --- [    Test worker] com.zaxxer.hikari.HikariDataSource       : HikariPool-14 - Starting...
2022-11-03 22:12:30.632  INFO 12108 --- [    Test worker] com.zaxxer.hikari.HikariDataSource       : HikariPool-14 - Start completed.
2022-11-03 22:12:30.645  INFO 12108 --- [    Test worker] o.hibernate.jpa.internal.util.LogHelper  : HHH000204: Processing PersistenceUnitInfo [name: default]
2022-11-03 22:12:30.650  INFO 12108 --- [    Test worker] org.hibernate.dialect.Dialect            : HHH000400: Using dialect: org.hibernate.dialect.H2Dialect
2022-11-03 22:12:30.675  INFO 12108 --- [    Test worker] o.h.e.t.j.p.i.JtaPlatformInitiator       : HHH000490: Using JtaPlatform implementation: [org.hibernate.engine.transaction.jta.platform.internal.NoJtaPlatform]
2022-11-03 22:12:30.677  INFO 12108 --- [    Test worker] j.LocalContainerEntityManagerFactoryBean : Initialized JPA EntityManagerFactory for persistence unit 'default'
2022-11-03 22:12:30.820  WARN 12108 --- [    Test worker] JpaBaseConfiguration$JpaWebConfiguration : spring.jpa.open-in-view is enabled by default. Therefore, database queries may be performed during view rendering. Explicitly configure spring.jpa.open-in-view to disable this warning
2022-11-03 22:12:30.895  INFO 12108 --- [    Test worker] o.s.s.concurrent.ThreadPoolTaskExecutor  : Initializing ExecutorService 'applicationTaskExecutor'
2022-11-03 22:12:31.003  INFO 12108 --- [    Test worker] o.s.b.a.h2.H2ConsoleAutoConfiguration    : H2 console available at '/h2'. Database available at 'jdbc:h2:mem:~/bibliotecaTest'
2022-11-03 22:12:31.040  INFO 12108 --- [    Test worker] o.s.b.t.m.w.SpringBootMockServletContext : Initializing Spring TestDispatcherServlet ''
2022-11-03 22:12:31.040  INFO 12108 --- [    Test worker] o.s.t.web.servlet.TestDispatcherServlet  : Initializing Servlet ''
2022-11-03 22:12:31.046  INFO 12108 --- [    Test worker] o.s.t.web.servlet.TestDispatcherServlet  : Completed initialization in 6 ms
2022-11-03 22:12:31.049  INFO 12108 --- [    Test worker] c.c.b.calificador.PrestamoTests          : Started PrestamoTests in 0.694 seconds (JVM running for 19.334)

MockHttpServletRequest:
      HTTP Method = GET
      Request URI = /prestamo/1
       Parameters = {}
          Headers = [Accept:"application/json"]
             Body = null
    Session Attrs = {}

Handler:
             Type = com.ceiba.biblioteca.infrastructure.controllers.PrestamoController
           Method = com.ceiba.biblioteca.infrastructure.controllers.PrestamoController#getPrestamo(Long)

Async:
    Async started = false
     Async result = null

Resolved Exception:
             Type = null

ModelAndView:
        View name = null
             View = null
            Model = null

FlashMap:
       Attributes = null

MockHttpServletResponse:
           Status = 200
    Error message = null
          Headers = [Content-Type:"application/json"]
     Content type = application/json
             Body = {"id":1,"isbn":"ASDA7884","identificacionUsuario":"974148","tipoUsuario":1,"fechaMaximaDevolucion":"17/11/2022"}
    Forwarded URL = null
   Redirected URL = null
          Cookies = []
]]></system-out>
  <system-err><![CDATA[]]></system-err>
</testsuite>
